{
  "stats": {
    "suites": 3,
    "tests": 155,
    "passes": 143,
    "pending": 0,
    "failures": 12,
    "start": "2022-11-22T21:37:34.192Z",
    "end": "2022-11-22T21:42:42.699Z",
    "duration": 308507,
    "testsRegistered": 155,
    "passPercent": 92.25806451612904,
    "pendingPercent": 0,
    "other": 0,
    "hasOther": false,
    "skipped": 0,
    "hasSkipped": false
  },
  "results": [
    {
      "uuid": "046fcfe4-c80b-4b25-bcf9-cc065834f614",
      "title": "",
      "fullFile": "cypress\\e2e\\pdp-panties.cy.js",
      "file": "cypress\\e2e\\pdp-panties.cy.js",
      "beforeHooks": [],
      "afterHooks": [],
      "tests": [],
      "suites": [
        {
          "uuid": "2ecb0ebf-5672-480d-a944-f8e24ad87d79",
          "title": "Grab all the pdp SKU and Array of pdps",
          "fullFile": "",
          "file": "",
          "beforeHooks": [],
          "afterHooks": [],
          "tests": [
            {
              "title": "Grabs data from /collections/seamless-panties/products.json?limit=200",
              "fullTitle": "Grab all the pdp SKU and Array of pdps Grabs data from /collections/seamless-panties/products.json?limit=200",
              "timedOut": null,
              "duration": 1156,
              "state": "passed",
              "speed": "fast",
              "pass": true,
              "fail": false,
              "pending": false,
              "context": null,
              "code": "cy.request({\n  method: 'GET',\n  url: url,\n  followRedirect: false,\n  headers: {\n    'accept': 'application/json'\n  }\n}).then(response => {\n  // Parse JSON the body.\n  let newData = response.body.products;\n  for (let pdp of newData) {\n    if (pdp.tags.includes('#Sale')) {\n      skus.push(pdp.id);\n      pdpName.push('/products/' + pdp.handle);\n    }\n  }\n});",
              "err": {},
              "uuid": "16da0e8e-097b-472d-8736-46c9b9cabe96",
              "parentUUID": "2ecb0ebf-5672-480d-a944-f8e24ad87d79",
              "isHook": false,
              "skipped": false
            }
          ],
          "suites": [],
          "passes": [
            "16da0e8e-097b-472d-8736-46c9b9cabe96"
          ],
          "failures": [],
          "pending": [],
          "skipped": [],
          "duration": 1156,
          "root": false,
          "rootEmpty": false,
          "_timeout": 2000
        },
        {
          "uuid": "cf21be6e-ab7c-4c2e-8e7d-05e0cb7c3c95",
          "title": "Data is in console log",
          "fullFile": "",
          "file": "",
          "beforeHooks": [],
          "afterHooks": [],
          "tests": [
            {
              "title": "copy and past data if prefer",
              "fullTitle": "Data is in console log copy and past data if prefer",
              "timedOut": null,
              "duration": 45,
              "state": "passed",
              "speed": "fast",
              "pass": true,
              "fail": false,
              "pending": false,
              "context": null,
              "code": "console.clear();\nconsole.log('-------------------------------------');\nconsole.log(JSON.stringify(skus));\nconsole.log(JSON.stringify(pdpName));\nconsole.log('-------------------------------------');",
              "err": {},
              "uuid": "e652c0e0-1ec9-4e8a-853a-19566ccec14e",
              "parentUUID": "cf21be6e-ab7c-4c2e-8e7d-05e0cb7c3c95",
              "isHook": false,
              "skipped": false
            }
          ],
          "suites": [],
          "passes": [
            "e652c0e0-1ec9-4e8a-853a-19566ccec14e"
          ],
          "failures": [],
          "pending": [],
          "skipped": [],
          "duration": 45,
          "root": false,
          "rootEmpty": false,
          "_timeout": 2000
        },
        {
          "uuid": "b33e8446-8e7f-4b91-bbd8-1f37f4cc1058",
          "title": "Check prices are hidden",
          "fullFile": "",
          "file": "",
          "beforeHooks": [],
          "afterHooks": [],
          "tests": [
            {
              "title": "Visits page /products/black-brief-panties",
              "fullTitle": "Check prices are hidden Visits page /products/black-brief-panties",
              "timedOut": null,
              "duration": 8762,
              "state": "passed",
              "speed": "medium",
              "pass": true,
              "fail": false,
              "pending": false,
              "context": null,
              "code": "cy.visit(pdps[i]); // getIframeBody().find('#closeIconContainer').should('have.class', 'css-upw05v').click();\n// console.log(JSON.stringify(pdps))",
              "err": {},
              "uuid": "ea29e269-4f01-42a5-902e-dd86f883ddd0",
              "parentUUID": "b33e8446-8e7f-4b91-bbd8-1f37f4cc1058",
              "isHook": false,
              "skipped": false
            },
            {
              "title": "Original price to be hidden",
              "fullTitle": "Check prices are hidden Original price to be hidden",
              "timedOut": null,
              "duration": 147,
              "state": "passed",
              "speed": "fast",
              "pass": true,
              "fail": false,
              "pending": false,
              "context": null,
              "code": "// cy.wait();\ncy.get(allPrices).should('have.length', 3);",
              "err": {},
              "uuid": "dcf32e9d-04a2-4989-bc12-c7ca1e7df89d",
              "parentUUID": "b33e8446-8e7f-4b91-bbd8-1f37f4cc1058",
              "isHook": false,
              "skipped": false
            },
            {
              "title": "Should have only 1 sale price",
              "fullTitle": "Check prices are hidden Should have only 1 sale price",
              "timedOut": null,
              "duration": 32,
              "state": "passed",
              "speed": "fast",
              "pass": true,
              "fail": false,
              "pending": false,
              "context": null,
              "code": "// cy.wait();\ncy.get(sale).should('be.visible');",
              "err": {},
              "uuid": "d3124adc-8d58-473c-8256-c1d1a4bb24a4",
              "parentUUID": "b33e8446-8e7f-4b91-bbd8-1f37f4cc1058",
              "isHook": false,
              "skipped": false
            },
            {
              "title": "Visits page /products/black-bikini-panties",
              "fullTitle": "Check prices are hidden Visits page /products/black-bikini-panties",
              "timedOut": null,
              "duration": 7892,
              "state": "passed",
              "speed": "medium",
              "pass": true,
              "fail": false,
              "pending": false,
              "context": null,
              "code": "cy.visit(pdps[i]); // getIframeBody().find('#closeIconContainer').should('have.class', 'css-upw05v').click();\n// console.log(JSON.stringify(pdps))",
              "err": {},
              "uuid": "2b79ca8e-0f71-423e-b8bc-fd5d139f18bc",
              "parentUUID": "b33e8446-8e7f-4b91-bbd8-1f37f4cc1058",
              "isHook": false,
              "skipped": false
            },
            {
              "title": "Original price to be hidden",
              "fullTitle": "Check prices are hidden Original price to be hidden",
              "timedOut": null,
              "duration": 150,
              "state": "passed",
              "speed": "fast",
              "pass": true,
              "fail": false,
              "pending": false,
              "context": null,
              "code": "// cy.wait();\ncy.get(allPrices).should('have.length', 3);",
              "err": {},
              "uuid": "ba21e8d0-f0cc-4563-9875-9d00fee55c73",
              "parentUUID": "b33e8446-8e7f-4b91-bbd8-1f37f4cc1058",
              "isHook": false,
              "skipped": false
            },
            {
              "title": "Should have only 1 sale price",
              "fullTitle": "Check prices are hidden Should have only 1 sale price",
              "timedOut": null,
              "duration": 34,
              "state": "passed",
              "speed": "fast",
              "pass": true,
              "fail": false,
              "pending": false,
              "context": null,
              "code": "// cy.wait();\ncy.get(sale).should('be.visible');",
              "err": {},
              "uuid": "72604e41-d0b6-4506-9515-1fa60edbadf4",
              "parentUUID": "b33e8446-8e7f-4b91-bbd8-1f37f4cc1058",
              "isHook": false,
              "skipped": false
            },
            {
              "title": "Visits page /products/lime-punch-high-cut-high-waisted",
              "fullTitle": "Check prices are hidden Visits page /products/lime-punch-high-cut-high-waisted",
              "timedOut": null,
              "duration": 5348,
              "state": "passed",
              "speed": "medium",
              "pass": true,
              "fail": false,
              "pending": false,
              "context": null,
              "code": "cy.visit(pdps[i]); // getIframeBody().find('#closeIconContainer').should('have.class', 'css-upw05v').click();\n// console.log(JSON.stringify(pdps))",
              "err": {},
              "uuid": "296e7d08-d7d8-4456-b4d8-aa61c1c94d77",
              "parentUUID": "b33e8446-8e7f-4b91-bbd8-1f37f4cc1058",
              "isHook": false,
              "skipped": false
            },
            {
              "title": "Original price to be hidden",
              "fullTitle": "Check prices are hidden Original price to be hidden",
              "timedOut": null,
              "duration": 153,
              "state": "passed",
              "speed": "fast",
              "pass": true,
              "fail": false,
              "pending": false,
              "context": null,
              "code": "// cy.wait();\ncy.get(allPrices).should('have.length', 3);",
              "err": {},
              "uuid": "eba8176d-a395-4509-94df-a60f45a08ba8",
              "parentUUID": "b33e8446-8e7f-4b91-bbd8-1f37f4cc1058",
              "isHook": false,
              "skipped": false
            },
            {
              "title": "Should have only 1 sale price",
              "fullTitle": "Check prices are hidden Should have only 1 sale price",
              "timedOut": null,
              "duration": 58,
              "state": "passed",
              "speed": "fast",
              "pass": true,
              "fail": false,
              "pending": false,
              "context": null,
              "code": "// cy.wait();\ncy.get(sale).should('be.visible');",
              "err": {},
              "uuid": "d4317ad8-8e80-4e8d-a451-eca784389747",
              "parentUUID": "b33e8446-8e7f-4b91-bbd8-1f37f4cc1058",
              "isHook": false,
              "skipped": false
            },
            {
              "title": "Visits page /products/nude-cheeky",
              "fullTitle": "Check prices are hidden Visits page /products/nude-cheeky",
              "timedOut": null,
              "duration": 8632,
              "state": "passed",
              "speed": "medium",
              "pass": true,
              "fail": false,
              "pending": false,
              "context": null,
              "code": "cy.visit(pdps[i]); // getIframeBody().find('#closeIconContainer').should('have.class', 'css-upw05v').click();\n// console.log(JSON.stringify(pdps))",
              "err": {},
              "uuid": "63f114f3-90e3-4a45-9b78-50dcb2e6bf51",
              "parentUUID": "b33e8446-8e7f-4b91-bbd8-1f37f4cc1058",
              "isHook": false,
              "skipped": false
            },
            {
              "title": "Original price to be hidden",
              "fullTitle": "Check prices are hidden Original price to be hidden",
              "timedOut": null,
              "duration": 143,
              "state": "passed",
              "speed": "fast",
              "pass": true,
              "fail": false,
              "pending": false,
              "context": null,
              "code": "// cy.wait();\ncy.get(allPrices).should('have.length', 3);",
              "err": {},
              "uuid": "ced61284-6e32-468c-b619-5232c164da9d",
              "parentUUID": "b33e8446-8e7f-4b91-bbd8-1f37f4cc1058",
              "isHook": false,
              "skipped": false
            },
            {
              "title": "Should have only 1 sale price",
              "fullTitle": "Check prices are hidden Should have only 1 sale price",
              "timedOut": null,
              "duration": 23,
              "state": "passed",
              "speed": "fast",
              "pass": true,
              "fail": false,
              "pending": false,
              "context": null,
              "code": "// cy.wait();\ncy.get(sale).should('be.visible');",
              "err": {},
              "uuid": "faa4fcff-987f-4e54-b289-29725c2d36b1",
              "parentUUID": "b33e8446-8e7f-4b91-bbd8-1f37f4cc1058",
              "isHook": false,
              "skipped": false
            },
            {
              "title": "Visits page /products/nude-bikini-panties",
              "fullTitle": "Check prices are hidden Visits page /products/nude-bikini-panties",
              "timedOut": null,
              "duration": 5160,
              "state": "passed",
              "speed": "medium",
              "pass": true,
              "fail": false,
              "pending": false,
              "context": null,
              "code": "cy.visit(pdps[i]); // getIframeBody().find('#closeIconContainer').should('have.class', 'css-upw05v').click();\n// console.log(JSON.stringify(pdps))",
              "err": {},
              "uuid": "44877194-2290-4cd7-a8c1-99d461018400",
              "parentUUID": "b33e8446-8e7f-4b91-bbd8-1f37f4cc1058",
              "isHook": false,
              "skipped": false
            },
            {
              "title": "Original price to be hidden",
              "fullTitle": "Check prices are hidden Original price to be hidden",
              "timedOut": null,
              "duration": 157,
              "state": "passed",
              "speed": "fast",
              "pass": true,
              "fail": false,
              "pending": false,
              "context": null,
              "code": "// cy.wait();\ncy.get(allPrices).should('have.length', 3);",
              "err": {},
              "uuid": "ec5b9095-d8f8-4489-bf42-a21062ad5a6c",
              "parentUUID": "b33e8446-8e7f-4b91-bbd8-1f37f4cc1058",
              "isHook": false,
              "skipped": false
            },
            {
              "title": "Should have only 1 sale price",
              "fullTitle": "Check prices are hidden Should have only 1 sale price",
              "timedOut": null,
              "duration": 22,
              "state": "passed",
              "speed": "fast",
              "pass": true,
              "fail": false,
              "pending": false,
              "context": null,
              "code": "// cy.wait();\ncy.get(sale).should('be.visible');",
              "err": {},
              "uuid": "4e029dd4-6f90-4870-9517-0c17e281ca84",
              "parentUUID": "b33e8446-8e7f-4b91-bbd8-1f37f4cc1058",
              "isHook": false,
              "skipped": false
            },
            {
              "title": "Visits page /products/high-waisted-opal-blue-panties",
              "fullTitle": "Check prices are hidden Visits page /products/high-waisted-opal-blue-panties",
              "timedOut": null,
              "duration": 6480,
              "state": "passed",
              "speed": "medium",
              "pass": true,
              "fail": false,
              "pending": false,
              "context": null,
              "code": "cy.visit(pdps[i]); // getIframeBody().find('#closeIconContainer').should('have.class', 'css-upw05v').click();\n// console.log(JSON.stringify(pdps))",
              "err": {},
              "uuid": "bbcfcd7f-f656-4a96-9a60-4781b5b8dd3f",
              "parentUUID": "b33e8446-8e7f-4b91-bbd8-1f37f4cc1058",
              "isHook": false,
              "skipped": false
            },
            {
              "title": "Original price to be hidden",
              "fullTitle": "Check prices are hidden Original price to be hidden",
              "timedOut": null,
              "duration": 146,
              "state": "passed",
              "speed": "fast",
              "pass": true,
              "fail": false,
              "pending": false,
              "context": null,
              "code": "// cy.wait();\ncy.get(allPrices).should('have.length', 3);",
              "err": {},
              "uuid": "05db6bbf-212e-4e1c-b932-2ebc4545a7b0",
              "parentUUID": "b33e8446-8e7f-4b91-bbd8-1f37f4cc1058",
              "isHook": false,
              "skipped": false
            },
            {
              "title": "Should have only 1 sale price",
              "fullTitle": "Check prices are hidden Should have only 1 sale price",
              "timedOut": null,
              "duration": 24,
              "state": "passed",
              "speed": "fast",
              "pass": true,
              "fail": false,
              "pending": false,
              "context": null,
              "code": "// cy.wait();\ncy.get(sale).should('be.visible');",
              "err": {},
              "uuid": "f0fe934b-f74a-42c0-8cde-398cf0d0e137",
              "parentUUID": "b33e8446-8e7f-4b91-bbd8-1f37f4cc1058",
              "isHook": false,
              "skipped": false
            },
            {
              "title": "Visits page /products/opal-blue-thong-panties",
              "fullTitle": "Check prices are hidden Visits page /products/opal-blue-thong-panties",
              "timedOut": null,
              "duration": 5006,
              "state": "passed",
              "speed": "medium",
              "pass": true,
              "fail": false,
              "pending": false,
              "context": null,
              "code": "cy.visit(pdps[i]); // getIframeBody().find('#closeIconContainer').should('have.class', 'css-upw05v').click();\n// console.log(JSON.stringify(pdps))",
              "err": {},
              "uuid": "b10a15f5-468a-4456-ab76-429a0e63cb9a",
              "parentUUID": "b33e8446-8e7f-4b91-bbd8-1f37f4cc1058",
              "isHook": false,
              "skipped": false
            },
            {
              "title": "Original price to be hidden",
              "fullTitle": "Check prices are hidden Original price to be hidden",
              "timedOut": null,
              "duration": 135,
              "state": "passed",
              "speed": "fast",
              "pass": true,
              "fail": false,
              "pending": false,
              "context": null,
              "code": "// cy.wait();\ncy.get(allPrices).should('have.length', 3);",
              "err": {},
              "uuid": "e2161cb0-8581-4edd-b2d8-8b47324ad324",
              "parentUUID": "b33e8446-8e7f-4b91-bbd8-1f37f4cc1058",
              "isHook": false,
              "skipped": false
            },
            {
              "title": "Should have only 1 sale price",
              "fullTitle": "Check prices are hidden Should have only 1 sale price",
              "timedOut": null,
              "duration": 23,
              "state": "passed",
              "speed": "fast",
              "pass": true,
              "fail": false,
              "pending": false,
              "context": null,
              "code": "// cy.wait();\ncy.get(sale).should('be.visible');",
              "err": {},
              "uuid": "70218115-5833-4e38-a1f1-0c5267d479d4",
              "parentUUID": "b33e8446-8e7f-4b91-bbd8-1f37f4cc1058",
              "isHook": false,
              "skipped": false
            },
            {
              "title": "Visits page /products/spotted-panther-brief",
              "fullTitle": "Check prices are hidden Visits page /products/spotted-panther-brief",
              "timedOut": null,
              "duration": 4417,
              "state": "passed",
              "speed": "fast",
              "pass": true,
              "fail": false,
              "pending": false,
              "context": null,
              "code": "cy.visit(pdps[i]); // getIframeBody().find('#closeIconContainer').should('have.class', 'css-upw05v').click();\n// console.log(JSON.stringify(pdps))",
              "err": {},
              "uuid": "d074f639-c733-4400-b72f-3bec328b1ca6",
              "parentUUID": "b33e8446-8e7f-4b91-bbd8-1f37f4cc1058",
              "isHook": false,
              "skipped": false
            },
            {
              "title": "Original price to be hidden",
              "fullTitle": "Check prices are hidden Original price to be hidden",
              "timedOut": null,
              "duration": 134,
              "state": "passed",
              "speed": "fast",
              "pass": true,
              "fail": false,
              "pending": false,
              "context": null,
              "code": "// cy.wait();\ncy.get(allPrices).should('have.length', 3);",
              "err": {},
              "uuid": "40634c05-960c-4d2f-8efe-95f53ca92ad8",
              "parentUUID": "b33e8446-8e7f-4b91-bbd8-1f37f4cc1058",
              "isHook": false,
              "skipped": false
            },
            {
              "title": "Should have only 1 sale price",
              "fullTitle": "Check prices are hidden Should have only 1 sale price",
              "timedOut": null,
              "duration": 28,
              "state": "passed",
              "speed": "fast",
              "pass": true,
              "fail": false,
              "pending": false,
              "context": null,
              "code": "// cy.wait();\ncy.get(sale).should('be.visible');",
              "err": {},
              "uuid": "4a1ca29b-da4e-4208-bf88-da4aeefc94b9",
              "parentUUID": "b33e8446-8e7f-4b91-bbd8-1f37f4cc1058",
              "isHook": false,
              "skipped": false
            },
            {
              "title": "Visits page /products/spotted-panther-highwaisted",
              "fullTitle": "Check prices are hidden Visits page /products/spotted-panther-highwaisted",
              "timedOut": null,
              "duration": 2811,
              "state": "passed",
              "speed": "fast",
              "pass": true,
              "fail": false,
              "pending": false,
              "context": null,
              "code": "cy.visit(pdps[i]); // getIframeBody().find('#closeIconContainer').should('have.class', 'css-upw05v').click();\n// console.log(JSON.stringify(pdps))",
              "err": {},
              "uuid": "e7051d8a-821e-4cc2-926f-d4227552f6b2",
              "parentUUID": "b33e8446-8e7f-4b91-bbd8-1f37f4cc1058",
              "isHook": false,
              "skipped": false
            },
            {
              "title": "Original price to be hidden",
              "fullTitle": "Check prices are hidden Original price to be hidden",
              "timedOut": null,
              "duration": 167,
              "state": "passed",
              "speed": "fast",
              "pass": true,
              "fail": false,
              "pending": false,
              "context": null,
              "code": "// cy.wait();\ncy.get(allPrices).should('have.length', 3);",
              "err": {},
              "uuid": "9aa9d2c4-6220-4baa-a43a-95c659ac13fb",
              "parentUUID": "b33e8446-8e7f-4b91-bbd8-1f37f4cc1058",
              "isHook": false,
              "skipped": false
            },
            {
              "title": "Should have only 1 sale price",
              "fullTitle": "Check prices are hidden Should have only 1 sale price",
              "timedOut": null,
              "duration": 23,
              "state": "passed",
              "speed": "fast",
              "pass": true,
              "fail": false,
              "pending": false,
              "context": null,
              "code": "// cy.wait();\ncy.get(sale).should('be.visible');",
              "err": {},
              "uuid": "f35c44e9-2bc4-43f8-b6f7-0f59782a97e6",
              "parentUUID": "b33e8446-8e7f-4b91-bbd8-1f37f4cc1058",
              "isHook": false,
              "skipped": false
            },
            {
              "title": "Visits page /products/black-high-waisted-panties",
              "fullTitle": "Check prices are hidden Visits page /products/black-high-waisted-panties",
              "timedOut": null,
              "duration": 5311,
              "state": "passed",
              "speed": "medium",
              "pass": true,
              "fail": false,
              "pending": false,
              "context": null,
              "code": "cy.visit(pdps[i]); // getIframeBody().find('#closeIconContainer').should('have.class', 'css-upw05v').click();\n// console.log(JSON.stringify(pdps))",
              "err": {},
              "uuid": "4b53a46b-7beb-4618-ae35-a277781f9cd9",
              "parentUUID": "b33e8446-8e7f-4b91-bbd8-1f37f4cc1058",
              "isHook": false,
              "skipped": false
            },
            {
              "title": "Original price to be hidden",
              "fullTitle": "Check prices are hidden Original price to be hidden",
              "timedOut": null,
              "duration": 139,
              "state": "passed",
              "speed": "fast",
              "pass": true,
              "fail": false,
              "pending": false,
              "context": null,
              "code": "// cy.wait();\ncy.get(allPrices).should('have.length', 3);",
              "err": {},
              "uuid": "410d6dbf-f6d4-46a3-b7c7-96936925f441",
              "parentUUID": "b33e8446-8e7f-4b91-bbd8-1f37f4cc1058",
              "isHook": false,
              "skipped": false
            },
            {
              "title": "Should have only 1 sale price",
              "fullTitle": "Check prices are hidden Should have only 1 sale price",
              "timedOut": null,
              "duration": 23,
              "state": "passed",
              "speed": "fast",
              "pass": true,
              "fail": false,
              "pending": false,
              "context": null,
              "code": "// cy.wait();\ncy.get(sale).should('be.visible');",
              "err": {},
              "uuid": "14dd3da6-f221-4520-ac58-e9a518c18092",
              "parentUUID": "b33e8446-8e7f-4b91-bbd8-1f37f4cc1058",
              "isHook": false,
              "skipped": false
            },
            {
              "title": "Visits page /products/nude-brief-panties",
              "fullTitle": "Check prices are hidden Visits page /products/nude-brief-panties",
              "timedOut": null,
              "duration": 3022,
              "state": "passed",
              "speed": "fast",
              "pass": true,
              "fail": false,
              "pending": false,
              "context": null,
              "code": "cy.visit(pdps[i]); // getIframeBody().find('#closeIconContainer').should('have.class', 'css-upw05v').click();\n// console.log(JSON.stringify(pdps))",
              "err": {},
              "uuid": "1e50227e-51fd-469f-9632-e74638209cfc",
              "parentUUID": "b33e8446-8e7f-4b91-bbd8-1f37f4cc1058",
              "isHook": false,
              "skipped": false
            },
            {
              "title": "Original price to be hidden",
              "fullTitle": "Check prices are hidden Original price to be hidden",
              "timedOut": null,
              "duration": 184,
              "state": "passed",
              "speed": "fast",
              "pass": true,
              "fail": false,
              "pending": false,
              "context": null,
              "code": "// cy.wait();\ncy.get(allPrices).should('have.length', 3);",
              "err": {},
              "uuid": "d1f210ba-243b-45ed-96c8-d0f9690d2c95",
              "parentUUID": "b33e8446-8e7f-4b91-bbd8-1f37f4cc1058",
              "isHook": false,
              "skipped": false
            },
            {
              "title": "Should have only 1 sale price",
              "fullTitle": "Check prices are hidden Should have only 1 sale price",
              "timedOut": null,
              "duration": 36,
              "state": "passed",
              "speed": "fast",
              "pass": true,
              "fail": false,
              "pending": false,
              "context": null,
              "code": "// cy.wait();\ncy.get(sale).should('be.visible');",
              "err": {},
              "uuid": "86cc4e01-19aa-401f-a5ef-fba0b7f70ff2",
              "parentUUID": "b33e8446-8e7f-4b91-bbd8-1f37f4cc1058",
              "isHook": false,
              "skipped": false
            },
            {
              "title": "Visits page /products/nude-high-waisted-panties",
              "fullTitle": "Check prices are hidden Visits page /products/nude-high-waisted-panties",
              "timedOut": null,
              "duration": 2775,
              "state": "passed",
              "speed": "fast",
              "pass": true,
              "fail": false,
              "pending": false,
              "context": null,
              "code": "cy.visit(pdps[i]); // getIframeBody().find('#closeIconContainer').should('have.class', 'css-upw05v').click();\n// console.log(JSON.stringify(pdps))",
              "err": {},
              "uuid": "fbea70db-eaf4-4d92-b21d-6292c3c4e89f",
              "parentUUID": "b33e8446-8e7f-4b91-bbd8-1f37f4cc1058",
              "isHook": false,
              "skipped": false
            },
            {
              "title": "Original price to be hidden",
              "fullTitle": "Check prices are hidden Original price to be hidden",
              "timedOut": null,
              "duration": 164,
              "state": "passed",
              "speed": "fast",
              "pass": true,
              "fail": false,
              "pending": false,
              "context": null,
              "code": "// cy.wait();\ncy.get(allPrices).should('have.length', 3);",
              "err": {},
              "uuid": "98909655-5d56-4717-827c-021064516b3d",
              "parentUUID": "b33e8446-8e7f-4b91-bbd8-1f37f4cc1058",
              "isHook": false,
              "skipped": false
            },
            {
              "title": "Should have only 1 sale price",
              "fullTitle": "Check prices are hidden Should have only 1 sale price",
              "timedOut": null,
              "duration": 40,
              "state": "passed",
              "speed": "fast",
              "pass": true,
              "fail": false,
              "pending": false,
              "context": null,
              "code": "// cy.wait();\ncy.get(sale).should('be.visible');",
              "err": {},
              "uuid": "03b83b74-067f-4f74-9d83-5b19f0830142",
              "parentUUID": "b33e8446-8e7f-4b91-bbd8-1f37f4cc1058",
              "isHook": false,
              "skipped": false
            },
            {
              "title": "Visits page /products/blue-opal-cotton-brief",
              "fullTitle": "Check prices are hidden Visits page /products/blue-opal-cotton-brief",
              "timedOut": null,
              "duration": 4235,
              "state": "passed",
              "speed": "fast",
              "pass": true,
              "fail": false,
              "pending": false,
              "context": null,
              "code": "cy.visit(pdps[i]); // getIframeBody().find('#closeIconContainer').should('have.class', 'css-upw05v').click();\n// console.log(JSON.stringify(pdps))",
              "err": {},
              "uuid": "24aa0e74-3529-49c7-acec-9f8a24ec75d4",
              "parentUUID": "b33e8446-8e7f-4b91-bbd8-1f37f4cc1058",
              "isHook": false,
              "skipped": false
            },
            {
              "title": "Original price to be hidden",
              "fullTitle": "Check prices are hidden Original price to be hidden",
              "timedOut": null,
              "duration": 138,
              "state": "passed",
              "speed": "fast",
              "pass": true,
              "fail": false,
              "pending": false,
              "context": null,
              "code": "// cy.wait();\ncy.get(allPrices).should('have.length', 3);",
              "err": {},
              "uuid": "0ed9d41e-c367-4c7f-bee3-fadf8c8866af",
              "parentUUID": "b33e8446-8e7f-4b91-bbd8-1f37f4cc1058",
              "isHook": false,
              "skipped": false
            },
            {
              "title": "Should have only 1 sale price",
              "fullTitle": "Check prices are hidden Should have only 1 sale price",
              "timedOut": null,
              "duration": 22,
              "state": "passed",
              "speed": "fast",
              "pass": true,
              "fail": false,
              "pending": false,
              "context": null,
              "code": "// cy.wait();\ncy.get(sale).should('be.visible');",
              "err": {},
              "uuid": "c9140414-523e-492b-ab3b-91d97d958cae",
              "parentUUID": "b33e8446-8e7f-4b91-bbd8-1f37f4cc1058",
              "isHook": false,
              "skipped": false
            },
            {
              "title": "Visits page /products/black-thong",
              "fullTitle": "Check prices are hidden Visits page /products/black-thong",
              "timedOut": null,
              "duration": 5714,
              "state": "passed",
              "speed": "medium",
              "pass": true,
              "fail": false,
              "pending": false,
              "context": null,
              "code": "cy.visit(pdps[i]); // getIframeBody().find('#closeIconContainer').should('have.class', 'css-upw05v').click();\n// console.log(JSON.stringify(pdps))",
              "err": {},
              "uuid": "6d99b08e-25f1-4aae-bd38-05d37ba21783",
              "parentUUID": "b33e8446-8e7f-4b91-bbd8-1f37f4cc1058",
              "isHook": false,
              "skipped": false
            },
            {
              "title": "Original price to be hidden",
              "fullTitle": "Check prices are hidden Original price to be hidden",
              "timedOut": null,
              "duration": 139,
              "state": "passed",
              "speed": "fast",
              "pass": true,
              "fail": false,
              "pending": false,
              "context": null,
              "code": "// cy.wait();\ncy.get(allPrices).should('have.length', 3);",
              "err": {},
              "uuid": "5b6c9b69-86f2-4d2e-96b8-6bb1069d5314",
              "parentUUID": "b33e8446-8e7f-4b91-bbd8-1f37f4cc1058",
              "isHook": false,
              "skipped": false
            },
            {
              "title": "Should have only 1 sale price",
              "fullTitle": "Check prices are hidden Should have only 1 sale price",
              "timedOut": null,
              "duration": 22,
              "state": "passed",
              "speed": "fast",
              "pass": true,
              "fail": false,
              "pending": false,
              "context": null,
              "code": "// cy.wait();\ncy.get(sale).should('be.visible');",
              "err": {},
              "uuid": "e421c0b2-ac10-4063-9e8b-9fa30c0c1b1c",
              "parentUUID": "b33e8446-8e7f-4b91-bbd8-1f37f4cc1058",
              "isHook": false,
              "skipped": false
            },
            {
              "title": "Visits page /products/poppy-red-cheeky-panties",
              "fullTitle": "Check prices are hidden Visits page /products/poppy-red-cheeky-panties",
              "timedOut": null,
              "duration": 2971,
              "state": "passed",
              "speed": "fast",
              "pass": true,
              "fail": false,
              "pending": false,
              "context": null,
              "code": "cy.visit(pdps[i]); // getIframeBody().find('#closeIconContainer').should('have.class', 'css-upw05v').click();\n// console.log(JSON.stringify(pdps))",
              "err": {},
              "uuid": "3f324cd2-42b9-4729-8ad3-32f0ea1cb5d4",
              "parentUUID": "b33e8446-8e7f-4b91-bbd8-1f37f4cc1058",
              "isHook": false,
              "skipped": false
            },
            {
              "title": "Original price to be hidden",
              "fullTitle": "Check prices are hidden Original price to be hidden",
              "timedOut": null,
              "duration": 180,
              "state": "passed",
              "speed": "fast",
              "pass": true,
              "fail": false,
              "pending": false,
              "context": null,
              "code": "// cy.wait();\ncy.get(allPrices).should('have.length', 3);",
              "err": {},
              "uuid": "6efbdfb7-2065-4ffa-9160-9a8c12f62dd5",
              "parentUUID": "b33e8446-8e7f-4b91-bbd8-1f37f4cc1058",
              "isHook": false,
              "skipped": false
            },
            {
              "title": "Should have only 1 sale price",
              "fullTitle": "Check prices are hidden Should have only 1 sale price",
              "timedOut": null,
              "duration": 22,
              "state": "passed",
              "speed": "fast",
              "pass": true,
              "fail": false,
              "pending": false,
              "context": null,
              "code": "// cy.wait();\ncy.get(sale).should('be.visible');",
              "err": {},
              "uuid": "83edbce0-6448-4b53-b51b-57209c06f48b",
              "parentUUID": "b33e8446-8e7f-4b91-bbd8-1f37f4cc1058",
              "isHook": false,
              "skipped": false
            },
            {
              "title": "Visits page /products/poppy-red-high-waisted-panties",
              "fullTitle": "Check prices are hidden Visits page /products/poppy-red-high-waisted-panties",
              "timedOut": null,
              "duration": 4314,
              "state": "passed",
              "speed": "fast",
              "pass": true,
              "fail": false,
              "pending": false,
              "context": null,
              "code": "cy.visit(pdps[i]); // getIframeBody().find('#closeIconContainer').should('have.class', 'css-upw05v').click();\n// console.log(JSON.stringify(pdps))",
              "err": {},
              "uuid": "352a3821-37d8-49a5-a495-7590f94d35ea",
              "parentUUID": "b33e8446-8e7f-4b91-bbd8-1f37f4cc1058",
              "isHook": false,
              "skipped": false
            },
            {
              "title": "Original price to be hidden",
              "fullTitle": "Check prices are hidden Original price to be hidden",
              "timedOut": null,
              "duration": 156,
              "state": "passed",
              "speed": "fast",
              "pass": true,
              "fail": false,
              "pending": false,
              "context": null,
              "code": "// cy.wait();\ncy.get(allPrices).should('have.length', 3);",
              "err": {},
              "uuid": "1507e89e-a4b2-40c2-99e3-2a5acf30997a",
              "parentUUID": "b33e8446-8e7f-4b91-bbd8-1f37f4cc1058",
              "isHook": false,
              "skipped": false
            },
            {
              "title": "Should have only 1 sale price",
              "fullTitle": "Check prices are hidden Should have only 1 sale price",
              "timedOut": null,
              "duration": 34,
              "state": "passed",
              "speed": "fast",
              "pass": true,
              "fail": false,
              "pending": false,
              "context": null,
              "code": "// cy.wait();\ncy.get(sale).should('be.visible');",
              "err": {},
              "uuid": "6282fd43-f44b-4027-85b4-e259bdc1e045",
              "parentUUID": "b33e8446-8e7f-4b91-bbd8-1f37f4cc1058",
              "isHook": false,
              "skipped": false
            },
            {
              "title": "Visits page /products/grey-bikini-panties",
              "fullTitle": "Check prices are hidden Visits page /products/grey-bikini-panties",
              "timedOut": null,
              "duration": 5057,
              "state": "passed",
              "speed": "medium",
              "pass": true,
              "fail": false,
              "pending": false,
              "context": null,
              "code": "cy.visit(pdps[i]); // getIframeBody().find('#closeIconContainer').should('have.class', 'css-upw05v').click();\n// console.log(JSON.stringify(pdps))",
              "err": {},
              "uuid": "dfc84f4d-801e-4a2f-b39b-a6ca934e7265",
              "parentUUID": "b33e8446-8e7f-4b91-bbd8-1f37f4cc1058",
              "isHook": false,
              "skipped": false
            },
            {
              "title": "Original price to be hidden",
              "fullTitle": "Check prices are hidden Original price to be hidden",
              "timedOut": null,
              "duration": 4434,
              "state": "failed",
              "speed": null,
              "pass": false,
              "fail": true,
              "pending": false,
              "context": null,
              "code": "// cy.wait();\ncy.get(allPrices).should('have.length', 3);",
              "err": {
                "message": "AssertionError: Timed out retrying after 4000ms: Not enough elements found. Found '1', expected '3'.",
                "estack": "AssertionError: Timed out retrying after 4000ms: Not enough elements found. Found '1', expected '3'.\n    at Context.eval (webpack:///./cypress/e2e/pdp-panties.cy.js:100:30)",
                "diff": "- 1\n+ 3\n"
              },
              "uuid": "466da942-f271-4aae-abd9-c0721b28eec9",
              "parentUUID": "b33e8446-8e7f-4b91-bbd8-1f37f4cc1058",
              "isHook": false,
              "skipped": false
            },
            {
              "title": "Should have only 1 sale price",
              "fullTitle": "Check prices are hidden Should have only 1 sale price",
              "timedOut": null,
              "duration": 4234,
              "state": "failed",
              "speed": null,
              "pass": false,
              "fail": true,
              "pending": false,
              "context": null,
              "code": "// cy.wait();\ncy.get(sale).should('be.visible');",
              "err": {
                "message": "AssertionError: Timed out retrying after 4000ms: Expected to find element: `.priceProduct.holidayPriceWrapper.standard.bfx-price`, but never found it.",
                "estack": "AssertionError: Timed out retrying after 4000ms: Expected to find element: `.priceProduct.holidayPriceWrapper.standard.bfx-price`, but never found it.\n    at Context.eval (webpack:///./cypress/e2e/pdp-panties.cy.js:104:16)",
                "diff": null
              },
              "uuid": "7dadf370-b2be-4fc8-a3db-648b67db76b8",
              "parentUUID": "b33e8446-8e7f-4b91-bbd8-1f37f4cc1058",
              "isHook": false,
              "skipped": false
            },
            {
              "title": "Visits page /products/blue-opal-bikini-panties",
              "fullTitle": "Check prices are hidden Visits page /products/blue-opal-bikini-panties",
              "timedOut": null,
              "duration": 5218,
              "state": "passed",
              "speed": "medium",
              "pass": true,
              "fail": false,
              "pending": false,
              "context": null,
              "code": "cy.visit(pdps[i]); // getIframeBody().find('#closeIconContainer').should('have.class', 'css-upw05v').click();\n// console.log(JSON.stringify(pdps))",
              "err": {},
              "uuid": "23517106-0325-4b39-b49f-ad4db6d696b5",
              "parentUUID": "b33e8446-8e7f-4b91-bbd8-1f37f4cc1058",
              "isHook": false,
              "skipped": false
            },
            {
              "title": "Original price to be hidden",
              "fullTitle": "Check prices are hidden Original price to be hidden",
              "timedOut": null,
              "duration": 171,
              "state": "passed",
              "speed": "fast",
              "pass": true,
              "fail": false,
              "pending": false,
              "context": null,
              "code": "// cy.wait();\ncy.get(allPrices).should('have.length', 3);",
              "err": {},
              "uuid": "2ce76ec1-1ad5-4ae2-b723-23e2207634aa",
              "parentUUID": "b33e8446-8e7f-4b91-bbd8-1f37f4cc1058",
              "isHook": false,
              "skipped": false
            },
            {
              "title": "Should have only 1 sale price",
              "fullTitle": "Check prices are hidden Should have only 1 sale price",
              "timedOut": null,
              "duration": 33,
              "state": "passed",
              "speed": "fast",
              "pass": true,
              "fail": false,
              "pending": false,
              "context": null,
              "code": "// cy.wait();\ncy.get(sale).should('be.visible');",
              "err": {},
              "uuid": "58e22715-4eb1-4673-9a7d-948e2ab91d16",
              "parentUUID": "b33e8446-8e7f-4b91-bbd8-1f37f4cc1058",
              "isHook": false,
              "skipped": false
            },
            {
              "title": "Visits page /products/black-cheeky-panties",
              "fullTitle": "Check prices are hidden Visits page /products/black-cheeky-panties",
              "timedOut": null,
              "duration": 5206,
              "state": "passed",
              "speed": "medium",
              "pass": true,
              "fail": false,
              "pending": false,
              "context": null,
              "code": "cy.visit(pdps[i]); // getIframeBody().find('#closeIconContainer').should('have.class', 'css-upw05v').click();\n// console.log(JSON.stringify(pdps))",
              "err": {},
              "uuid": "6aec176a-3999-465a-8646-e8ea761bba56",
              "parentUUID": "b33e8446-8e7f-4b91-bbd8-1f37f4cc1058",
              "isHook": false,
              "skipped": false
            },
            {
              "title": "Original price to be hidden",
              "fullTitle": "Check prices are hidden Original price to be hidden",
              "timedOut": null,
              "duration": 120,
              "state": "passed",
              "speed": "fast",
              "pass": true,
              "fail": false,
              "pending": false,
              "context": null,
              "code": "// cy.wait();\ncy.get(allPrices).should('have.length', 3);",
              "err": {},
              "uuid": "fc34421a-ceb3-42e5-abb6-16eddb8b237f",
              "parentUUID": "b33e8446-8e7f-4b91-bbd8-1f37f4cc1058",
              "isHook": false,
              "skipped": false
            },
            {
              "title": "Should have only 1 sale price",
              "fullTitle": "Check prices are hidden Should have only 1 sale price",
              "timedOut": null,
              "duration": 22,
              "state": "passed",
              "speed": "fast",
              "pass": true,
              "fail": false,
              "pending": false,
              "context": null,
              "code": "// cy.wait();\ncy.get(sale).should('be.visible');",
              "err": {},
              "uuid": "13c4a8d2-1edf-4390-be38-14ebf955e872",
              "parentUUID": "b33e8446-8e7f-4b91-bbd8-1f37f4cc1058",
              "isHook": false,
              "skipped": false
            },
            {
              "title": "Visits page /products/black-high-waisted-thong",
              "fullTitle": "Check prices are hidden Visits page /products/black-high-waisted-thong",
              "timedOut": null,
              "duration": 5034,
              "state": "passed",
              "speed": "medium",
              "pass": true,
              "fail": false,
              "pending": false,
              "context": null,
              "code": "cy.visit(pdps[i]); // getIframeBody().find('#closeIconContainer').should('have.class', 'css-upw05v').click();\n// console.log(JSON.stringify(pdps))",
              "err": {},
              "uuid": "f3516a90-1c1e-4c6e-b6cd-aeecc92b95a8",
              "parentUUID": "b33e8446-8e7f-4b91-bbd8-1f37f4cc1058",
              "isHook": false,
              "skipped": false
            },
            {
              "title": "Original price to be hidden",
              "fullTitle": "Check prices are hidden Original price to be hidden",
              "timedOut": null,
              "duration": 149,
              "state": "passed",
              "speed": "fast",
              "pass": true,
              "fail": false,
              "pending": false,
              "context": null,
              "code": "// cy.wait();\ncy.get(allPrices).should('have.length', 3);",
              "err": {},
              "uuid": "71d5569b-78d2-49a0-9957-1e0cb9b99d70",
              "parentUUID": "b33e8446-8e7f-4b91-bbd8-1f37f4cc1058",
              "isHook": false,
              "skipped": false
            },
            {
              "title": "Should have only 1 sale price",
              "fullTitle": "Check prices are hidden Should have only 1 sale price",
              "timedOut": null,
              "duration": 25,
              "state": "passed",
              "speed": "fast",
              "pass": true,
              "fail": false,
              "pending": false,
              "context": null,
              "code": "// cy.wait();\ncy.get(sale).should('be.visible');",
              "err": {},
              "uuid": "aff8afc0-0393-4955-9b54-4477d23f169e",
              "parentUUID": "b33e8446-8e7f-4b91-bbd8-1f37f4cc1058",
              "isHook": false,
              "skipped": false
            },
            {
              "title": "Visits page /products/dark-palm-brief",
              "fullTitle": "Check prices are hidden Visits page /products/dark-palm-brief",
              "timedOut": null,
              "duration": 5539,
              "state": "passed",
              "speed": "medium",
              "pass": true,
              "fail": false,
              "pending": false,
              "context": null,
              "code": "cy.visit(pdps[i]); // getIframeBody().find('#closeIconContainer').should('have.class', 'css-upw05v').click();\n// console.log(JSON.stringify(pdps))",
              "err": {},
              "uuid": "273e38ab-f419-4bc7-9cd8-d333e2df6ea9",
              "parentUUID": "b33e8446-8e7f-4b91-bbd8-1f37f4cc1058",
              "isHook": false,
              "skipped": false
            },
            {
              "title": "Original price to be hidden",
              "fullTitle": "Check prices are hidden Original price to be hidden",
              "timedOut": null,
              "duration": 158,
              "state": "passed",
              "speed": "fast",
              "pass": true,
              "fail": false,
              "pending": false,
              "context": null,
              "code": "// cy.wait();\ncy.get(allPrices).should('have.length', 3);",
              "err": {},
              "uuid": "ed72c187-dc86-43d3-af1a-f4baab01b909",
              "parentUUID": "b33e8446-8e7f-4b91-bbd8-1f37f4cc1058",
              "isHook": false,
              "skipped": false
            },
            {
              "title": "Should have only 1 sale price",
              "fullTitle": "Check prices are hidden Should have only 1 sale price",
              "timedOut": null,
              "duration": 24,
              "state": "passed",
              "speed": "fast",
              "pass": true,
              "fail": false,
              "pending": false,
              "context": null,
              "code": "// cy.wait();\ncy.get(sale).should('be.visible');",
              "err": {},
              "uuid": "7236ae7f-ce12-4297-919a-b3e7962dc3f0",
              "parentUUID": "b33e8446-8e7f-4b91-bbd8-1f37f4cc1058",
              "isHook": false,
              "skipped": false
            },
            {
              "title": "Visits page /products/sleek-tiger-highwaisted",
              "fullTitle": "Check prices are hidden Visits page /products/sleek-tiger-highwaisted",
              "timedOut": null,
              "duration": 5451,
              "state": "passed",
              "speed": "medium",
              "pass": true,
              "fail": false,
              "pending": false,
              "context": null,
              "code": "cy.visit(pdps[i]); // getIframeBody().find('#closeIconContainer').should('have.class', 'css-upw05v').click();\n// console.log(JSON.stringify(pdps))",
              "err": {},
              "uuid": "0835fba9-c3c1-4908-865a-02a9411c3314",
              "parentUUID": "b33e8446-8e7f-4b91-bbd8-1f37f4cc1058",
              "isHook": false,
              "skipped": false
            },
            {
              "title": "Original price to be hidden",
              "fullTitle": "Check prices are hidden Original price to be hidden",
              "timedOut": null,
              "duration": 4336,
              "state": "failed",
              "speed": null,
              "pass": false,
              "fail": true,
              "pending": false,
              "context": null,
              "code": "// cy.wait();\ncy.get(allPrices).should('have.length', 3);",
              "err": {
                "message": "AssertionError: Timed out retrying after 4000ms: Not enough elements found. Found '1', expected '3'.",
                "estack": "AssertionError: Timed out retrying after 4000ms: Not enough elements found. Found '1', expected '3'.\n    at Context.eval (webpack:///./cypress/e2e/pdp-panties.cy.js:100:30)",
                "diff": "- 1\n+ 3\n"
              },
              "uuid": "1ec65230-1cb0-4db5-ab09-c28ef741424b",
              "parentUUID": "b33e8446-8e7f-4b91-bbd8-1f37f4cc1058",
              "isHook": false,
              "skipped": false
            },
            {
              "title": "Should have only 1 sale price",
              "fullTitle": "Check prices are hidden Should have only 1 sale price",
              "timedOut": null,
              "duration": 4234,
              "state": "failed",
              "speed": null,
              "pass": false,
              "fail": true,
              "pending": false,
              "context": null,
              "code": "// cy.wait();\ncy.get(sale).should('be.visible');",
              "err": {
                "message": "AssertionError: Timed out retrying after 4000ms: Expected to find element: `.priceProduct.holidayPriceWrapper.standard.bfx-price`, but never found it.",
                "estack": "AssertionError: Timed out retrying after 4000ms: Expected to find element: `.priceProduct.holidayPriceWrapper.standard.bfx-price`, but never found it.\n    at Context.eval (webpack:///./cypress/e2e/pdp-panties.cy.js:104:16)",
                "diff": null
              },
              "uuid": "b9f665f6-04fa-4936-ab90-073cbd7c2126",
              "parentUUID": "b33e8446-8e7f-4b91-bbd8-1f37f4cc1058",
              "isHook": false,
              "skipped": false
            },
            {
              "title": "Visits page /products/sleek-tiger-bikini",
              "fullTitle": "Check prices are hidden Visits page /products/sleek-tiger-bikini",
              "timedOut": null,
              "duration": 3397,
              "state": "passed",
              "speed": "fast",
              "pass": true,
              "fail": false,
              "pending": false,
              "context": null,
              "code": "cy.visit(pdps[i]); // getIframeBody().find('#closeIconContainer').should('have.class', 'css-upw05v').click();\n// console.log(JSON.stringify(pdps))",
              "err": {},
              "uuid": "e4715405-5369-46c7-b017-70280a0014d1",
              "parentUUID": "b33e8446-8e7f-4b91-bbd8-1f37f4cc1058",
              "isHook": false,
              "skipped": false
            },
            {
              "title": "Original price to be hidden",
              "fullTitle": "Check prices are hidden Original price to be hidden",
              "timedOut": null,
              "duration": 4398,
              "state": "failed",
              "speed": null,
              "pass": false,
              "fail": true,
              "pending": false,
              "context": null,
              "code": "// cy.wait();\ncy.get(allPrices).should('have.length', 3);",
              "err": {
                "message": "AssertionError: Timed out retrying after 4000ms: Not enough elements found. Found '1', expected '3'.",
                "estack": "AssertionError: Timed out retrying after 4000ms: Not enough elements found. Found '1', expected '3'.\n    at Context.eval (webpack:///./cypress/e2e/pdp-panties.cy.js:100:30)",
                "diff": "- 1\n+ 3\n"
              },
              "uuid": "11a3c684-ca16-424c-8d13-eb65a791e8b1",
              "parentUUID": "b33e8446-8e7f-4b91-bbd8-1f37f4cc1058",
              "isHook": false,
              "skipped": false
            },
            {
              "title": "Should have only 1 sale price",
              "fullTitle": "Check prices are hidden Should have only 1 sale price",
              "timedOut": null,
              "duration": 4269,
              "state": "failed",
              "speed": null,
              "pass": false,
              "fail": true,
              "pending": false,
              "context": null,
              "code": "// cy.wait();\ncy.get(sale).should('be.visible');",
              "err": {
                "message": "AssertionError: Timed out retrying after 4000ms: Expected to find element: `.priceProduct.holidayPriceWrapper.standard.bfx-price`, but never found it.",
                "estack": "AssertionError: Timed out retrying after 4000ms: Expected to find element: `.priceProduct.holidayPriceWrapper.standard.bfx-price`, but never found it.\n    at Context.eval (webpack:///./cypress/e2e/pdp-panties.cy.js:104:16)",
                "diff": null
              },
              "uuid": "90afa50f-d85d-4fe9-90c9-272f97059cfe",
              "parentUUID": "b33e8446-8e7f-4b91-bbd8-1f37f4cc1058",
              "isHook": false,
              "skipped": false
            },
            {
              "title": "Visits page /products/sleek-tiger-brief",
              "fullTitle": "Check prices are hidden Visits page /products/sleek-tiger-brief",
              "timedOut": null,
              "duration": 5885,
              "state": "passed",
              "speed": "medium",
              "pass": true,
              "fail": false,
              "pending": false,
              "context": null,
              "code": "cy.visit(pdps[i]); // getIframeBody().find('#closeIconContainer').should('have.class', 'css-upw05v').click();\n// console.log(JSON.stringify(pdps))",
              "err": {},
              "uuid": "5dd1470d-aa21-4d9c-82f6-be1e8f381b08",
              "parentUUID": "b33e8446-8e7f-4b91-bbd8-1f37f4cc1058",
              "isHook": false,
              "skipped": false
            },
            {
              "title": "Original price to be hidden",
              "fullTitle": "Check prices are hidden Original price to be hidden",
              "timedOut": null,
              "duration": 4370,
              "state": "failed",
              "speed": null,
              "pass": false,
              "fail": true,
              "pending": false,
              "context": null,
              "code": "// cy.wait();\ncy.get(allPrices).should('have.length', 3);",
              "err": {
                "message": "AssertionError: Timed out retrying after 4000ms: Not enough elements found. Found '1', expected '3'.",
                "estack": "AssertionError: Timed out retrying after 4000ms: Not enough elements found. Found '1', expected '3'.\n    at Context.eval (webpack:///./cypress/e2e/pdp-panties.cy.js:100:30)",
                "diff": "- 1\n+ 3\n"
              },
              "uuid": "3e14e861-6e09-429c-b233-f4ddd64dcbcc",
              "parentUUID": "b33e8446-8e7f-4b91-bbd8-1f37f4cc1058",
              "isHook": false,
              "skipped": false
            },
            {
              "title": "Should have only 1 sale price",
              "fullTitle": "Check prices are hidden Should have only 1 sale price",
              "timedOut": null,
              "duration": 4207,
              "state": "failed",
              "speed": null,
              "pass": false,
              "fail": true,
              "pending": false,
              "context": null,
              "code": "// cy.wait();\ncy.get(sale).should('be.visible');",
              "err": {
                "message": "AssertionError: Timed out retrying after 4000ms: Expected to find element: `.priceProduct.holidayPriceWrapper.standard.bfx-price`, but never found it.",
                "estack": "AssertionError: Timed out retrying after 4000ms: Expected to find element: `.priceProduct.holidayPriceWrapper.standard.bfx-price`, but never found it.\n    at Context.eval (webpack:///./cypress/e2e/pdp-panties.cy.js:104:16)",
                "diff": null
              },
              "uuid": "4ff1a211-0eff-44c4-a3f3-a9417b0189cd",
              "parentUUID": "b33e8446-8e7f-4b91-bbd8-1f37f4cc1058",
              "isHook": false,
              "skipped": false
            },
            {
              "title": "Visits page /products/sleek-tiger-thong",
              "fullTitle": "Check prices are hidden Visits page /products/sleek-tiger-thong",
              "timedOut": null,
              "duration": 5307,
              "state": "passed",
              "speed": "medium",
              "pass": true,
              "fail": false,
              "pending": false,
              "context": null,
              "code": "cy.visit(pdps[i]); // getIframeBody().find('#closeIconContainer').should('have.class', 'css-upw05v').click();\n// console.log(JSON.stringify(pdps))",
              "err": {},
              "uuid": "5885b8c5-34b1-404a-9e83-66b0b4bbd453",
              "parentUUID": "b33e8446-8e7f-4b91-bbd8-1f37f4cc1058",
              "isHook": false,
              "skipped": false
            },
            {
              "title": "Original price to be hidden",
              "fullTitle": "Check prices are hidden Original price to be hidden",
              "timedOut": null,
              "duration": 4353,
              "state": "failed",
              "speed": null,
              "pass": false,
              "fail": true,
              "pending": false,
              "context": null,
              "code": "// cy.wait();\ncy.get(allPrices).should('have.length', 3);",
              "err": {
                "message": "AssertionError: Timed out retrying after 4000ms: Not enough elements found. Found '1', expected '3'.",
                "estack": "AssertionError: Timed out retrying after 4000ms: Not enough elements found. Found '1', expected '3'.\n    at Context.eval (webpack:///./cypress/e2e/pdp-panties.cy.js:100:30)",
                "diff": "- 1\n+ 3\n"
              },
              "uuid": "b59baaf1-7949-414f-b0a5-9cc5e03370c5",
              "parentUUID": "b33e8446-8e7f-4b91-bbd8-1f37f4cc1058",
              "isHook": false,
              "skipped": false
            },
            {
              "title": "Should have only 1 sale price",
              "fullTitle": "Check prices are hidden Should have only 1 sale price",
              "timedOut": null,
              "duration": 4245,
              "state": "failed",
              "speed": null,
              "pass": false,
              "fail": true,
              "pending": false,
              "context": null,
              "code": "// cy.wait();\ncy.get(sale).should('be.visible');",
              "err": {
                "message": "AssertionError: Timed out retrying after 4000ms: Expected to find element: `.priceProduct.holidayPriceWrapper.standard.bfx-price`, but never found it.",
                "estack": "AssertionError: Timed out retrying after 4000ms: Expected to find element: `.priceProduct.holidayPriceWrapper.standard.bfx-price`, but never found it.\n    at Context.eval (webpack:///./cypress/e2e/pdp-panties.cy.js:104:16)",
                "diff": null
              },
              "uuid": "ea96b3ce-84fd-42c1-b44f-89b742afe318",
              "parentUUID": "b33e8446-8e7f-4b91-bbd8-1f37f4cc1058",
              "isHook": false,
              "skipped": false
            },
            {
              "title": "Visits page /products/blue-opal-cotton-bikini",
              "fullTitle": "Check prices are hidden Visits page /products/blue-opal-cotton-bikini",
              "timedOut": null,
              "duration": 5667,
              "state": "passed",
              "speed": "medium",
              "pass": true,
              "fail": false,
              "pending": false,
              "context": null,
              "code": "cy.visit(pdps[i]); // getIframeBody().find('#closeIconContainer').should('have.class', 'css-upw05v').click();\n// console.log(JSON.stringify(pdps))",
              "err": {},
              "uuid": "756a0ac9-55d6-4c0e-987b-42b1f7c3f21c",
              "parentUUID": "b33e8446-8e7f-4b91-bbd8-1f37f4cc1058",
              "isHook": false,
              "skipped": false
            },
            {
              "title": "Original price to be hidden",
              "fullTitle": "Check prices are hidden Original price to be hidden",
              "timedOut": null,
              "duration": 148,
              "state": "passed",
              "speed": "fast",
              "pass": true,
              "fail": false,
              "pending": false,
              "context": null,
              "code": "// cy.wait();\ncy.get(allPrices).should('have.length', 3);",
              "err": {},
              "uuid": "5a99eb62-4ace-4ed1-bb4f-9ea8e9121464",
              "parentUUID": "b33e8446-8e7f-4b91-bbd8-1f37f4cc1058",
              "isHook": false,
              "skipped": false
            },
            {
              "title": "Should have only 1 sale price",
              "fullTitle": "Check prices are hidden Should have only 1 sale price",
              "timedOut": null,
              "duration": 30,
              "state": "passed",
              "speed": "fast",
              "pass": true,
              "fail": false,
              "pending": false,
              "context": null,
              "code": "// cy.wait();\ncy.get(sale).should('be.visible');",
              "err": {},
              "uuid": "9e44d041-1cc8-4670-a4ae-f36bb9416c2c",
              "parentUUID": "b33e8446-8e7f-4b91-bbd8-1f37f4cc1058",
              "isHook": false,
              "skipped": false
            },
            {
              "title": "Visits page /products/brief-provincial-blue-panties",
              "fullTitle": "Check prices are hidden Visits page /products/brief-provincial-blue-panties",
              "timedOut": null,
              "duration": 5509,
              "state": "passed",
              "speed": "medium",
              "pass": true,
              "fail": false,
              "pending": false,
              "context": null,
              "code": "cy.visit(pdps[i]); // getIframeBody().find('#closeIconContainer').should('have.class', 'css-upw05v').click();\n// console.log(JSON.stringify(pdps))",
              "err": {},
              "uuid": "6f53e1a3-11b8-4f32-8079-7c2e5ae383f4",
              "parentUUID": "b33e8446-8e7f-4b91-bbd8-1f37f4cc1058",
              "isHook": false,
              "skipped": false
            },
            {
              "title": "Original price to be hidden",
              "fullTitle": "Check prices are hidden Original price to be hidden",
              "timedOut": null,
              "duration": 149,
              "state": "passed",
              "speed": "fast",
              "pass": true,
              "fail": false,
              "pending": false,
              "context": null,
              "code": "// cy.wait();\ncy.get(allPrices).should('have.length', 3);",
              "err": {},
              "uuid": "26f3c53c-a775-4f86-8f8b-2e8f73eb68e9",
              "parentUUID": "b33e8446-8e7f-4b91-bbd8-1f37f4cc1058",
              "isHook": false,
              "skipped": false
            },
            {
              "title": "Should have only 1 sale price",
              "fullTitle": "Check prices are hidden Should have only 1 sale price",
              "timedOut": null,
              "duration": 30,
              "state": "passed",
              "speed": "fast",
              "pass": true,
              "fail": false,
              "pending": false,
              "context": null,
              "code": "// cy.wait();\ncy.get(sale).should('be.visible');",
              "err": {},
              "uuid": "fe4bbdc4-8cc2-4dd5-9409-ed6b5bedd68b",
              "parentUUID": "b33e8446-8e7f-4b91-bbd8-1f37f4cc1058",
              "isHook": false,
              "skipped": false
            },
            {
              "title": "Visits page /products/laurel-green-high-waisted-panties",
              "fullTitle": "Check prices are hidden Visits page /products/laurel-green-high-waisted-panties",
              "timedOut": null,
              "duration": 3074,
              "state": "passed",
              "speed": "fast",
              "pass": true,
              "fail": false,
              "pending": false,
              "context": null,
              "code": "cy.visit(pdps[i]); // getIframeBody().find('#closeIconContainer').should('have.class', 'css-upw05v').click();\n// console.log(JSON.stringify(pdps))",
              "err": {},
              "uuid": "f9fecdc4-e18f-4659-a5d0-eaa656c4e14c",
              "parentUUID": "b33e8446-8e7f-4b91-bbd8-1f37f4cc1058",
              "isHook": false,
              "skipped": false
            },
            {
              "title": "Original price to be hidden",
              "fullTitle": "Check prices are hidden Original price to be hidden",
              "timedOut": null,
              "duration": 135,
              "state": "passed",
              "speed": "fast",
              "pass": true,
              "fail": false,
              "pending": false,
              "context": null,
              "code": "// cy.wait();\ncy.get(allPrices).should('have.length', 3);",
              "err": {},
              "uuid": "1172c4d5-040f-4814-997a-043db114dae1",
              "parentUUID": "b33e8446-8e7f-4b91-bbd8-1f37f4cc1058",
              "isHook": false,
              "skipped": false
            },
            {
              "title": "Should have only 1 sale price",
              "fullTitle": "Check prices are hidden Should have only 1 sale price",
              "timedOut": null,
              "duration": 54,
              "state": "passed",
              "speed": "fast",
              "pass": true,
              "fail": false,
              "pending": false,
              "context": null,
              "code": "// cy.wait();\ncy.get(sale).should('be.visible');",
              "err": {},
              "uuid": "8a7e1d92-c79b-4ac6-85f6-f5ba45f61f6a",
              "parentUUID": "b33e8446-8e7f-4b91-bbd8-1f37f4cc1058",
              "isHook": false,
              "skipped": false
            },
            {
              "title": "Visits page /products/laurel-green-brief-panties",
              "fullTitle": "Check prices are hidden Visits page /products/laurel-green-brief-panties",
              "timedOut": null,
              "duration": 4354,
              "state": "passed",
              "speed": "fast",
              "pass": true,
              "fail": false,
              "pending": false,
              "context": null,
              "code": "cy.visit(pdps[i]); // getIframeBody().find('#closeIconContainer').should('have.class', 'css-upw05v').click();\n// console.log(JSON.stringify(pdps))",
              "err": {},
              "uuid": "2f49df7a-87a8-43f8-8ee5-8a50bf457f89",
              "parentUUID": "b33e8446-8e7f-4b91-bbd8-1f37f4cc1058",
              "isHook": false,
              "skipped": false
            },
            {
              "title": "Original price to be hidden",
              "fullTitle": "Check prices are hidden Original price to be hidden",
              "timedOut": null,
              "duration": 144,
              "state": "passed",
              "speed": "fast",
              "pass": true,
              "fail": false,
              "pending": false,
              "context": null,
              "code": "// cy.wait();\ncy.get(allPrices).should('have.length', 3);",
              "err": {},
              "uuid": "a2f4711e-a0f0-4ff6-9f7b-1eb09e4675fc",
              "parentUUID": "b33e8446-8e7f-4b91-bbd8-1f37f4cc1058",
              "isHook": false,
              "skipped": false
            },
            {
              "title": "Should have only 1 sale price",
              "fullTitle": "Check prices are hidden Should have only 1 sale price",
              "timedOut": null,
              "duration": 34,
              "state": "passed",
              "speed": "fast",
              "pass": true,
              "fail": false,
              "pending": false,
              "context": null,
              "code": "// cy.wait();\ncy.get(sale).should('be.visible');",
              "err": {},
              "uuid": "78671549-f073-4a1c-a13b-9fb164ea25de",
              "parentUUID": "b33e8446-8e7f-4b91-bbd8-1f37f4cc1058",
              "isHook": false,
              "skipped": false
            },
            {
              "title": "Visits page /products/fjord-blue-highwaisted",
              "fullTitle": "Check prices are hidden Visits page /products/fjord-blue-highwaisted",
              "timedOut": null,
              "duration": 5256,
              "state": "passed",
              "speed": "medium",
              "pass": true,
              "fail": false,
              "pending": false,
              "context": null,
              "code": "cy.visit(pdps[i]); // getIframeBody().find('#closeIconContainer').should('have.class', 'css-upw05v').click();\n// console.log(JSON.stringify(pdps))",
              "err": {},
              "uuid": "668e08be-0688-4931-a3df-9a2b566ca7a0",
              "parentUUID": "b33e8446-8e7f-4b91-bbd8-1f37f4cc1058",
              "isHook": false,
              "skipped": false
            },
            {
              "title": "Original price to be hidden",
              "fullTitle": "Check prices are hidden Original price to be hidden",
              "timedOut": null,
              "duration": 172,
              "state": "passed",
              "speed": "fast",
              "pass": true,
              "fail": false,
              "pending": false,
              "context": null,
              "code": "// cy.wait();\ncy.get(allPrices).should('have.length', 3);",
              "err": {},
              "uuid": "a6207ee9-670e-411a-878b-c59e40ba62ab",
              "parentUUID": "b33e8446-8e7f-4b91-bbd8-1f37f4cc1058",
              "isHook": false,
              "skipped": false
            },
            {
              "title": "Should have only 1 sale price",
              "fullTitle": "Check prices are hidden Should have only 1 sale price",
              "timedOut": null,
              "duration": 34,
              "state": "passed",
              "speed": "fast",
              "pass": true,
              "fail": false,
              "pending": false,
              "context": null,
              "code": "// cy.wait();\ncy.get(sale).should('be.visible');",
              "err": {},
              "uuid": "114acdb3-0e13-45cf-94f5-7084e56c747c",
              "parentUUID": "b33e8446-8e7f-4b91-bbd8-1f37f4cc1058",
              "isHook": false,
              "skipped": false
            },
            {
              "title": "Visits page /products/sunkissed-brief",
              "fullTitle": "Check prices are hidden Visits page /products/sunkissed-brief",
              "timedOut": null,
              "duration": 2954,
              "state": "passed",
              "speed": "fast",
              "pass": true,
              "fail": false,
              "pending": false,
              "context": null,
              "code": "cy.visit(pdps[i]); // getIframeBody().find('#closeIconContainer').should('have.class', 'css-upw05v').click();\n// console.log(JSON.stringify(pdps))",
              "err": {},
              "uuid": "4ed2b868-eb24-4ae9-b27d-4447e5b75200",
              "parentUUID": "b33e8446-8e7f-4b91-bbd8-1f37f4cc1058",
              "isHook": false,
              "skipped": false
            },
            {
              "title": "Original price to be hidden",
              "fullTitle": "Check prices are hidden Original price to be hidden",
              "timedOut": null,
              "duration": 4367,
              "state": "failed",
              "speed": null,
              "pass": false,
              "fail": true,
              "pending": false,
              "context": null,
              "code": "// cy.wait();\ncy.get(allPrices).should('have.length', 3);",
              "err": {
                "message": "AssertionError: Timed out retrying after 4000ms: Not enough elements found. Found '1', expected '3'.",
                "estack": "AssertionError: Timed out retrying after 4000ms: Not enough elements found. Found '1', expected '3'.\n    at Context.eval (webpack:///./cypress/e2e/pdp-panties.cy.js:100:30)",
                "diff": "- 1\n+ 3\n"
              },
              "uuid": "1b7fb5bf-e0c7-42ae-a9d2-78a9f1b52040",
              "parentUUID": "b33e8446-8e7f-4b91-bbd8-1f37f4cc1058",
              "isHook": false,
              "skipped": false
            },
            {
              "title": "Should have only 1 sale price",
              "fullTitle": "Check prices are hidden Should have only 1 sale price",
              "timedOut": null,
              "duration": 4227,
              "state": "failed",
              "speed": null,
              "pass": false,
              "fail": true,
              "pending": false,
              "context": null,
              "code": "// cy.wait();\ncy.get(sale).should('be.visible');",
              "err": {
                "message": "AssertionError: Timed out retrying after 4000ms: Expected to find element: `.priceProduct.holidayPriceWrapper.standard.bfx-price`, but never found it.",
                "estack": "AssertionError: Timed out retrying after 4000ms: Expected to find element: `.priceProduct.holidayPriceWrapper.standard.bfx-price`, but never found it.\n    at Context.eval (webpack:///./cypress/e2e/pdp-panties.cy.js:104:16)",
                "diff": null
              },
              "uuid": "9abbbb04-a2c2-43c5-8c96-6d01e4274c66",
              "parentUUID": "b33e8446-8e7f-4b91-bbd8-1f37f4cc1058",
              "isHook": false,
              "skipped": false
            },
            {
              "title": "Visits page /products/keepsake-lilac-high-waisted-panties",
              "fullTitle": "Check prices are hidden Visits page /products/keepsake-lilac-high-waisted-panties",
              "timedOut": null,
              "duration": 4639,
              "state": "passed",
              "speed": "fast",
              "pass": true,
              "fail": false,
              "pending": false,
              "context": null,
              "code": "cy.visit(pdps[i]); // getIframeBody().find('#closeIconContainer').should('have.class', 'css-upw05v').click();\n// console.log(JSON.stringify(pdps))",
              "err": {},
              "uuid": "7e0c650a-d8a7-449b-8c3b-0c39e05c698f",
              "parentUUID": "b33e8446-8e7f-4b91-bbd8-1f37f4cc1058",
[...]
              "timedOut": null,
              "duration": 4402,
              "state": "passed",
              "speed": "fast",
              "pass": true,
              "fail": false,
              "pending": false,
              "context": null,
              "code": "cy.visit(pdps[i]); // getIframeBody().find('#closeIconContainer').should('have.class', 'css-upw05v').click();\n// console.log(JSON.stringify(pdps))",
              "err": {},
              "uuid": "16940426-e539-41a2-91dc-f464364a8b32",
              "parentUUID": "b33e8446-8e7f-4b91-bbd8-1f37f4cc1058",
              "isHook": false,
              "skipped": false
            },
            {
              "title": "Original price to be hidden",
              "fullTitle": "Check prices are hidden Original price to be hidden",
              "timedOut": null,
              "duration": 146,
              "state": "passed",
              "speed": "fast",
              "pass": true,
              "fail": false,
              "pending": false,
              "context": null,
              "code": "// cy.wait();\ncy.get(allPrices).should('have.length', 3);",
              "err": {},
              "uuid": "6253bb37-b39a-4e56-ac97-a20bc9379fd2",
              "parentUUID": "b33e8446-8e7f-4b91-bbd8-1f37f4cc1058",
              "isHook": false,
              "skipped": false
            },
            {
              "title": "Should have only 1 sale price",
              "fullTitle": "Check prices are hidden Should have only 1 sale price",
              "timedOut": null,
              "duration": 32,
              "state": "passed",
              "speed": "fast",
              "pass": true,
              "fail": false,
              "pending": false,
              "context": null,
              "code": "// cy.wait();\ncy.get(sale).should('be.visible');",
              "err": {},
              "uuid": "217bbd5a-289e-4b37-a2c8-c5c121bfbb0b",
              "parentUUID": "b33e8446-8e7f-4b91-bbd8-1f37f4cc1058",
              "isHook": false,
              "skipped": false
            },
            {
              "title": "Visits page /products/laurel-green-cotton-brief",
              "fullTitle": "Check prices are hidden Visits page /products/laurel-green-cotton-brief",
              "timedOut": null,
              "duration": 2566,
              "state": "passed",
              "speed": "fast",
              "pass": true,
              "fail": false,
              "pending": false,
              "context": null,
              "code": "cy.visit(pdps[i]); // getIframeBody().find('#closeIconContainer').should('have.class', 'css-upw05v').click();\n// console.log(JSON.stringify(pdps))",
              "err": {},
              "uuid": "79260542-35d2-4dc0-8ff1-f58e7b3544de",
              "parentUUID": "b33e8446-8e7f-4b91-bbd8-1f37f4cc1058",
              "isHook": false,
              "skipped": false
            },
            {
              "title": "Original price to be hidden",
              "fullTitle": "Check prices are hidden Original price to be hidden",
              "timedOut": null,
              "duration": 189,
              "state": "passed",
              "speed": "fast",
              "pass": true,
              "fail": false,
              "pending": false,
              "context": null,
              "code": "// cy.wait();\ncy.get(allPrices).should('have.length', 3);",
              "err": {},
              "uuid": "2582e431-085e-460e-ba9b-8021ead40501",
              "parentUUID": "b33e8446-8e7f-4b91-bbd8-1f37f4cc1058",
              "isHook": false,
              "skipped": false
            },
            {
              "title": "Should have only 1 sale price",
              "fullTitle": "Check prices are hidden Should have only 1 sale price",
              "timedOut": null,
              "duration": 46,
              "state": "passed",
              "speed": "fast",
              "pass": true,
              "fail": false,
              "pending": false,
              "context": null,
              "code": "// cy.wait();\ncy.get(sale).should('be.visible');",
              "err": {},
              "uuid": "a299d586-84f8-4c45-bc47-db07be3e04da",
              "parentUUID": "b33e8446-8e7f-4b91-bbd8-1f37f4cc1058",
              "isHook": false,
              "skipped": false
            },
            {
              "title": "Visits page /products/provincial-blue-thong-panties",
              "fullTitle": "Check prices are hidden Visits page /products/provincial-blue-thong-panties",
              "timedOut": null,
              "duration": 4625,
              "state": "passed",
              "speed": "fast",
              "pass": true,
              "fail": false,
              "pending": false,
              "context": null,
              "code": "cy.visit(pdps[i]); // getIframeBody().find('#closeIconContainer').should('have.class', 'css-upw05v').click();\n// console.log(JSON.stringify(pdps))",
              "err": {},
              "uuid": "e3d6ae9e-f12c-4b15-8ada-ad91ee7e633f",
              "parentUUID": "b33e8446-8e7f-4b91-bbd8-1f37f4cc1058",
              "isHook": false,
              "skipped": false
            },
            {
              "title": "Original price to be hidden",
              "fullTitle": "Check prices are hidden Original price to be hidden",
              "timedOut": null,
              "duration": 138,
              "state": "passed",
              "speed": "fast",
              "pass": true,
              "fail": false,
              "pending": false,
              "context": null,
              "code": "// cy.wait();\ncy.get(allPrices).should('have.length', 3);",
              "err": {},
              "uuid": "9494644e-fc74-4a1a-87c0-303b1e3b4d6d",
              "parentUUID": "b33e8446-8e7f-4b91-bbd8-1f37f4cc1058",
              "isHook": false,
              "skipped": false
            },
            {
              "title": "Should have only 1 sale price",
              "fullTitle": "Check prices are hidden Should have only 1 sale price",
              "timedOut": null,
              "duration": 33,
              "state": "passed",
              "speed": "fast",
              "pass": true,
              "fail": false,
              "pending": false,
              "context": null,
              "code": "// cy.wait();\ncy.get(sale).should('be.visible');",
              "err": {},
              "uuid": "d87f3d52-674b-4fa5-83ef-c579185f2dad",
              "parentUUID": "b33e8446-8e7f-4b91-bbd8-1f37f4cc1058",
              "isHook": false,
              "skipped": false
            },
            {
              "title": "Visits page /products/nude-thong",
              "fullTitle": "Check prices are hidden Visits page /products/nude-thong",
              "timedOut": null,
              "duration": 3970,
              "state": "passed",
              "speed": "fast",
              "pass": true,
              "fail": false,
              "pending": false,
              "context": null,
              "code": "cy.visit(pdps[i]); // getIframeBody().find('#closeIconContainer').should('have.class', 'css-upw05v').click();\n// console.log(JSON.stringify(pdps))",
              "err": {},
              "uuid": "9f517af9-86f9-405a-8d04-9dec10fe7f60",
              "parentUUID": "b33e8446-8e7f-4b91-bbd8-1f37f4cc1058",
              "isHook": false,
              "skipped": false
            },
            {
              "title": "Original price to be hidden",
              "fullTitle": "Check prices are hidden Original price to be hidden",
              "timedOut": null,
              "duration": 155,
              "state": "passed",
              "speed": "fast",
              "pass": true,
              "fail": false,
              "pending": false,
              "context": null,
              "code": "// cy.wait();\ncy.get(allPrices).should('have.length', 3);",
              "err": {},
              "uuid": "db4ed86d-5e5b-429c-b98e-a6507e3a515b",
              "parentUUID": "b33e8446-8e7f-4b91-bbd8-1f37f4cc1058",
              "isHook": false,
              "skipped": false
            },
            {
              "title": "Should have only 1 sale price",
              "fullTitle": "Check prices are hidden Should have only 1 sale price",
              "timedOut": null,
              "duration": 34,
              "state": "passed",
              "speed": "fast",
              "pass": true,
              "fail": false,
              "pending": false,
              "context": null,
              "code": "// cy.wait();\ncy.get(sale).should('be.visible');",
              "err": {},
              "uuid": "283f962d-54c8-4dca-8ff7-4a837cfb4c70",
              "parentUUID": "b33e8446-8e7f-4b91-bbd8-1f37f4cc1058",
              "isHook": false,
              "skipped": false
            },
            {
              "title": "Visits page /products/highwaisted-nude-thong",
              "fullTitle": "Check prices are hidden Visits page /products/highwaisted-nude-thong",
              "timedOut": null,
              "duration": 4937,
              "state": "passed",
              "speed": "fast",
              "pass": true,
              "fail": false,
              "pending": false,
              "context": null,
              "code": "cy.visit(pdps[i]); // getIframeBody().find('#closeIconContainer').should('have.class', 'css-upw05v').click();\n// console.log(JSON.stringify(pdps))",
              "err": {},
              "uuid": "cc804349-8c77-4469-993d-63c927438c40",
              "parentUUID": "b33e8446-8e7f-4b91-bbd8-1f37f4cc1058",
              "isHook": false,
              "skipped": false
            },
            {
              "title": "Original price to be hidden",
              "fullTitle": "Check prices are hidden Original price to be hidden",
              "timedOut": null,
              "duration": 154,
              "state": "passed",
              "speed": "fast",
              "pass": true,
              "fail": false,
              "pending": false,
              "context": null,
              "code": "// cy.wait();\ncy.get(allPrices).should('have.length', 3);",
              "err": {},
              "uuid": "24ce9c21-785d-4488-9e90-c98d2695d7e5",
              "parentUUID": "b33e8446-8e7f-4b91-bbd8-1f37f4cc1058",
              "isHook": false,
              "skipped": false
            },
            {
              "title": "Should have only 1 sale price",
              "fullTitle": "Check prices are hidden Should have only 1 sale price",
              "timedOut": null,
              "duration": 47,
              "state": "passed",
              "speed": "fast",
              "pass": true,
              "fail": false,
              "pending": false,
              "context": null,
              "code": "// cy.wait();\ncy.get(sale).should('be.visible');",
              "err": {},
              "uuid": "a3417356-9c48-47df-9511-e3f07a856349",
              "parentUUID": "b33e8446-8e7f-4b91-bbd8-1f37f4cc1058",
              "isHook": false,
              "skipped": false
            }
          ],
          "suites": [],
          "passes": [
            "ea29e269-4f01-42a5-902e-dd86f883ddd0",
            "dcf32e9d-04a2-4989-bc12-c7ca1e7df89d",
            "d3124adc-8d58-473c-8256-c1d1a4bb24a4",
            "2b79ca8e-0f71-423e-b8bc-fd5d139f18bc",
            "ba21e8d0-f0cc-4563-9875-9d00fee55c73",
            "72604e41-d0b6-4506-9515-1fa60edbadf4",
            "296e7d08-d7d8-4456-b4d8-aa61c1c94d77",
            "eba8176d-a395-4509-94df-a60f45a08ba8",
            "d4317ad8-8e80-4e8d-a451-eca784389747",
            "63f114f3-90e3-4a45-9b78-50dcb2e6bf51",
            "ced61284-6e32-468c-b619-5232c164da9d",
            "faa4fcff-987f-4e54-b289-29725c2d36b1",
            "44877194-2290-4cd7-a8c1-99d461018400",
            "ec5b9095-d8f8-4489-bf42-a21062ad5a6c",
            "4e029dd4-6f90-4870-9517-0c17e281ca84",
            "bbcfcd7f-f656-4a96-9a60-4781b5b8dd3f",
            "05db6bbf-212e-4e1c-b932-2ebc4545a7b0",
            "f0fe934b-f74a-42c0-8cde-398cf0d0e137",
            "b10a15f5-468a-4456-ab76-429a0e63cb9a",
            "e2161cb0-8581-4edd-b2d8-8b47324ad324",
            "70218115-5833-4e38-a1f1-0c5267d479d4",
            "d074f639-c733-4400-b72f-3bec328b1ca6",
            "40634c05-960c-4d2f-8efe-95f53ca92ad8",
            "4a1ca29b-da4e-4208-bf88-da4aeefc94b9",
            "e7051d8a-821e-4cc2-926f-d4227552f6b2",
            "9aa9d2c4-6220-4baa-a43a-95c659ac13fb",
            "f35c44e9-2bc4-43f8-b6f7-0f59782a97e6",
            "4b53a46b-7beb-4618-ae35-a277781f9cd9",
            "410d6dbf-f6d4-46a3-b7c7-96936925f441",
            "14dd3da6-f221-4520-ac58-e9a518c18092",
            "1e50227e-51fd-469f-9632-e74638209cfc",
            "d1f210ba-243b-45ed-96c8-d0f9690d2c95",
            "86cc4e01-19aa-401f-a5ef-fba0b7f70ff2",
            "fbea70db-eaf4-4d92-b21d-6292c3c4e89f",
            "98909655-5d56-4717-827c-021064516b3d",
            "03b83b74-067f-4f74-9d83-5b19f0830142",
            "24aa0e74-3529-49c7-acec-9f8a24ec75d4",
            "0ed9d41e-c367-4c7f-bee3-fadf8c8866af",
            "c9140414-523e-492b-ab3b-91d97d958cae",
            "6d99b08e-25f1-4aae-bd38-05d37ba21783",
            "5b6c9b69-86f2-4d2e-96b8-6bb1069d5314",
            "e421c0b2-ac10-4063-9e8b-9fa30c0c1b1c",
            "3f324cd2-42b9-4729-8ad3-32f0ea1cb5d4",
            "6efbdfb7-2065-4ffa-9160-9a8c12f62dd5",
            "83edbce0-6448-4b53-b51b-57209c06f48b",
            "352a3821-37d8-49a5-a495-7590f94d35ea",
            "1507e89e-a4b2-40c2-99e3-2a5acf30997a",
            "6282fd43-f44b-4027-85b4-e259bdc1e045",
            "dfc84f4d-801e-4a2f-b39b-a6ca934e7265",
            "23517106-0325-4b39-b49f-ad4db6d696b5",
            "2ce76ec1-1ad5-4ae2-b723-23e2207634aa",
            "58e22715-4eb1-4673-9a7d-948e2ab91d16",
            "6aec176a-3999-465a-8646-e8ea761bba56",
            "fc34421a-ceb3-42e5-abb6-16eddb8b237f",
            "13c4a8d2-1edf-4390-be38-14ebf955e872",
            "f3516a90-1c1e-4c6e-b6cd-aeecc92b95a8",
            "71d5569b-78d2-49a0-9957-1e0cb9b99d70",
            "aff8afc0-0393-4955-9b54-4477d23f169e",
            "273e38ab-f419-4bc7-9cd8-d333e2df6ea9",
            "ed72c187-dc86-43d3-af1a-f4baab01b909",
            "7236ae7f-ce12-4297-919a-b3e7962dc3f0",
            "0835fba9-c3c1-4908-865a-02a9411c3314",
            "e4715405-5369-46c7-b017-70280a0014d1",
            "5dd1470d-aa21-4d9c-82f6-be1e8f381b08",
            "5885b8c5-34b1-404a-9e83-66b0b4bbd453",
            "756a0ac9-55d6-4c0e-987b-42b1f7c3f21c",
            "5a99eb62-4ace-4ed1-bb4f-9ea8e9121464",
            "9e44d041-1cc8-4670-a4ae-f36bb9416c2c",
            "6f53e1a3-11b8-4f32-8079-7c2e5ae383f4",
            "26f3c53c-a775-4f86-8f8b-2e8f73eb68e9",
            "fe4bbdc4-8cc2-4dd5-9409-ed6b5bedd68b",
            "f9fecdc4-e18f-4659-a5d0-eaa656c4e14c",
            "1172c4d5-040f-4814-997a-043db114dae1",
            "8a7e1d92-c79b-4ac6-85f6-f5ba45f61f6a",
            "2f49df7a-87a8-43f8-8ee5-8a50bf457f89",
            "a2f4711e-a0f0-4ff6-9f7b-1eb09e4675fc",
            "78671549-f073-4a1c-a13b-9fb164ea25de",
            "668e08be-0688-4931-a3df-9a2b566ca7a0",
            "a6207ee9-670e-411a-878b-c59e40ba62ab",
            "114acdb3-0e13-45cf-94f5-7084e56c747c",
            "4ed2b868-eb24-4ae9-b27d-4447e5b75200",
            "7e0c650a-d8a7-449b-8c3b-0c39e05c698f",
            "98fa2e31-658d-4515-a7f6-e946ec2ad680",
            "c65c0e52-989f-4e6e-92ef-5fcd22494d03",
            "04e995c1-8d3b-4b81-9e77-9e0e0482bb70",
            "874a38ec-013e-4369-96c6-e6e966cb558d",
            "6be1f00c-4be6-4d08-9302-ac725a875904",
            "4f73a883-3c8b-4451-b1c9-505f6c71468b",
            "e3519876-7ff8-443b-973f-bc1159d68cb0",
            "65879b6b-23e1-48d2-b0c5-4df96a34c7db",
            "1afc27e3-7bc6-4b40-b8a1-188f26e289b8",
            "051c42c3-5901-4dc9-ae56-20a8a7a04e7c",
            "723a237c-bd6f-4aed-b323-66f6b7745fb0",
            "3daee42c-4407-4584-8cbb-15b7537b657b",
            "48641284-0c80-4ac5-a653-11ad336c0d78",
            "6ffe89ff-5a7e-43d8-8541-78b94f025438",
            "813f87f6-b09a-4a7d-9236-c32ec3c2c4b8",
            "bf7e3d52-dab2-40ac-bf88-4a29e9ef52a8",
            "2f2eef6a-ad02-4fcd-83df-4ac48c263040",
            "a1e4ce1e-64c7-42ce-8659-b1c066e220d5",
            "fd5a2a05-8277-4545-9e56-816be924b3c9",
            "9034714e-ebfa-4bf7-ac77-4dfdca95b2ba",
            "dd1ec0e1-0b08-4162-828e-c3d3542ac240",
            "6e355a95-4384-4f51-a508-5c6ac468aac5",
            "6dc10f08-f126-41ad-9e40-afdc72e1b82b",
            "ca682f26-25a7-405e-9528-1a0d3d2ed458",
            "9e76a775-8c92-4ff0-bae4-0036a392438b",
            "f1cbb1fe-36a9-4c5c-bb78-e7fcc95f1d86",
            "794c2ac1-e77f-4c4c-b8da-7ae85258a553",
            "e5bab9d3-25f7-40a0-b8b1-33ddc794b17f",
            "02c81a14-f638-4613-98ee-d36685d8f859",
            "1cfc8e6e-c585-4c57-8450-35ae0a73ed10",
            "8360a294-d367-4c06-912a-cd48d88ec897",
            "71d1eb2f-1574-460d-b206-23efb381c5ed",
            "a0f98db8-c511-4879-b78f-e2106e4292d8",
            "08acdbdc-1eca-43da-8b45-59be192f9553",
            "eabf27f0-a24b-4b50-868e-4c25f08874a0",
            "dfe8772a-8000-4c0c-bf98-89ba5c6cfd79",
            "b77b1d58-f86c-414f-a53b-c70824269d13",
            "14ac007d-15fe-4825-991a-5e3e449eecb6",
            "60fce3b4-0edd-4858-81a3-367cb7165720",
            "cbf074e1-67b8-4f06-a709-7897a91fece6",
            "1070e3f6-cf3d-4551-a703-8a1d7302b93c",
            "6338875f-fbcf-4f1d-bd7b-54752a65c45a",
            "32ed0257-6f37-4bf1-8211-55d7ffa423f1",
            "03707b59-6498-4ab4-b6a1-38c79d3bcd02",
            "16940426-e539-41a2-91dc-f464364a8b32",
            "6253bb37-b39a-4e56-ac97-a20bc9379fd2",
            "217bbd5a-289e-4b37-a2c8-c5c121bfbb0b",
            "79260542-35d2-4dc0-8ff1-f58e7b3544de",
            "2582e431-085e-460e-ba9b-8021ead40501",
            "a299d586-84f8-4c45-bc47-db07be3e04da",
            "e3d6ae9e-f12c-4b15-8ada-ad91ee7e633f",
            "9494644e-fc74-4a1a-87c0-303b1e3b4d6d",
            "d87f3d52-674b-4fa5-83ef-c579185f2dad",
            "9f517af9-86f9-405a-8d04-9dec10fe7f60",
            "db4ed86d-5e5b-429c-b98e-a6507e3a515b",
            "283f962d-54c8-4dca-8ff7-4a837cfb4c70",
            "cc804349-8c77-4469-993d-63c927438c40",
            "24ce9c21-785d-4488-9e90-c98d2695d7e5",
            "a3417356-9c48-47df-9511-e3f07a856349"
          ],
          "failures": [
            "466da942-f271-4aae-abd9-c0721b28eec9",
            "7dadf370-b2be-4fc8-a3db-648b67db76b8",
            "1ec65230-1cb0-4db5-ab09-c28ef741424b",
            "b9f665f6-04fa-4936-ab90-073cbd7c2126",
            "11a3c684-ca16-424c-8d13-eb65a791e8b1",
            "90afa50f-d85d-4fe9-90c9-272f97059cfe",
            "3e14e861-6e09-429c-b233-f4ddd64dcbcc",
            "4ff1a211-0eff-44c4-a3f3-a9417b0189cd",
            "b59baaf1-7949-414f-b0a5-9cc5e03370c5",
            "ea96b3ce-84fd-42c1-b44f-89b742afe318",
            "1b7fb5bf-e0c7-42ae-a9d2-78a9f1b52040",
            "9abbbb04-a2c2-43c5-8c96-6d01e4274c66"
          ],
          "pending": [],
          "skipped": [],
          "duration": 304291,
          "root": false,
          "rootEmpty": false,
          "_timeout": 2000
        }
      ],
      "passes": [],
      "failures": [],
      "pending": [],
      "skipped": [],
      "duration": 0,
      "root": true,
      "rootEmpty": true,
      "_timeout": 2000
    }
  ],
  "meta": {
    "mocha": {
      "version": "7.0.1"
    },
    "mochawesome": {
      "options": {
        "quiet": false,
        "reportFilename": "mochawesome",
        "saveHtml": true,
        "saveJson": true,
        "consoleReporter": "spec",
        "useInlineDiffs": false,
        "code": true
      },
      "version": "7.1.3"
    },
    "marge": {
      "options": null,
      "version": "6.2.0"
    }
  }
}