{
  "stats": {
    "suites": 3,
    "tests": 108,
    "passes": 84,
    "pending": 0,
    "failures": 24,
    "start": "2023-02-07T02:29:31.217Z",
    "end": "2023-02-07T02:35:31.540Z",
    "duration": 360323,
    "testsRegistered": 108,
    "passPercent": 77.77777777777779,
    "pendingPercent": 0,
    "other": 0,
    "hasOther": false,
    "skipped": 0,
    "hasSkipped": false
  },
  "results": [
    {
      "uuid": "7c9b775e-dff3-4624-9042-dbe90bcb8889",
      "title": "",
      "fullFile": "cypress/e2e/pdp-subscribe-bttn.cy.js",
      "file": "cypress/e2e/pdp-subscribe-bttn.cy.js",
      "beforeHooks": [],
      "afterHooks": [],
      "tests": [],
      "suites": [
        {
          "uuid": "cb4f5ae9-4c64-4c85-941d-676d5bd8c510",
          "title": "Grab all the pdp SKU and Array of pdps",
          "fullFile": "",
          "file": "",
          "beforeHooks": [],
          "afterHooks": [],
          "tests": [
            {
              "title": "Grabs data from /collections/seamless-underwear/products.json?limit=200",
              "fullTitle": "Grab all the pdp SKU and Array of pdps Grabs data from /collections/seamless-underwear/products.json?limit=200",
              "timedOut": null,
              "duration": 836,
              "state": "passed",
              "speed": "fast",
              "pass": true,
              "fail": false,
              "pending": false,
              "context": null,
              "code": "cy.request({\n  method: 'GET',\n  url: url,\n  followRedirect: false,\n  headers: {\n    'accept': 'application/json'\n  }\n}).then(response => {\n  // Parse JSON the body.\n  let newData = response.body.products;\n  for (let pdp of newData) {\n    // if(pdp.tags.includes('#Sale')){\n    skus.push(pdp.id);\n    pdpName.push('/products/' + pdp.handle); // }\n  }\n});",
              "err": {},
              "uuid": "03c54b68-335c-4af0-9525-7908179c4867",
              "parentUUID": "cb4f5ae9-4c64-4c85-941d-676d5bd8c510",
              "isHook": false,
              "skipped": false
            }
          ],
          "suites": [],
          "passes": [
            "03c54b68-335c-4af0-9525-7908179c4867"
          ],
          "failures": [],
          "pending": [],
          "skipped": [],
          "duration": 836,
          "root": false,
          "rootEmpty": false,
          "_timeout": 2000
        },
        {
          "uuid": "44e0775d-2898-48e6-8381-e0e0693c4974",
          "title": "Data is in console log",
          "fullFile": "",
          "file": "",
          "beforeHooks": [],
          "afterHooks": [],
          "tests": [
            {
              "title": "copy and past data if prefer",
              "fullTitle": "Data is in console log copy and past data if prefer",
              "timedOut": null,
              "duration": 17,
              "state": "passed",
              "speed": "fast",
              "pass": true,
              "fail": false,
              "pending": false,
              "context": null,
              "code": "console.clear();\nconsole.log('-------------------------------------');\nconsole.log(JSON.stringify(skus));\nconsole.log(JSON.stringify(pdpName));\nconsole.log('-------------------------------------');",
              "err": {},
              "uuid": "27dc67ba-5da0-4df7-b0e0-722a95e6df70",
              "parentUUID": "44e0775d-2898-48e6-8381-e0e0693c4974",
              "isHook": false,
              "skipped": false
            }
          ],
          "suites": [],
          "passes": [
            "27dc67ba-5da0-4df7-b0e0-722a95e6df70"
          ],
          "failures": [],
          "pending": [],
          "skipped": [],
          "duration": 17,
          "root": false,
          "rootEmpty": false,
          "_timeout": 2000
        },
        {
          "uuid": "159a9323-d1d7-484b-bcd2-2fc3b66516ba",
          "title": "Check prices are hidden",
          "fullFile": "",
          "file": "",
          "beforeHooks": [],
          "afterHooks": [],
          "tests": [
            {
              "title": "0 .Visits page /products/peach-bloom-thong",
              "fullTitle": "Check prices are hidden 0 .Visits page /products/peach-bloom-thong",
              "timedOut": null,
              "duration": 8073,
              "state": "passed",
              "speed": "medium",
              "pass": true,
              "fail": false,
              "pending": false,
              "context": null,
              "code": "cy.visit(pdps[i]); // getIframeBody().find('#closeIconContainer').should('have.class', 'css-upw05v').click();\n// console.log(JSON.stringify(pdps))\n// cy.scrollTo(0,1200)\n// cy.wait(1000)",
              "err": {},
              "uuid": "690d027b-e808-4c2f-a578-b8987f1a19f0",
              "parentUUID": "159a9323-d1d7-484b-bcd2-2fc3b66516ba",
              "isHook": false,
              "skipped": false
            },
            {
              "title": "After checking the element addToCartToggleButton.sub subscription button should be visible",
              "fullTitle": "Check prices are hidden After checking the element addToCartToggleButton.sub subscription button should be visible",
              "timedOut": null,
              "duration": 5500,
              "state": "failed",
              "speed": null,
              "pass": false,
              "fail": true,
              "pending": false,
              "context": null,
              "code": "cy.get('.addToCartToggler li.addToCartToggleButton.sub').then(el => {\n  console.log(el);\n  cy.wait(1000);\n  cy.get(el).click();\n  cy.get('#AddBoxToCart').should('be.visible');\n});",
              "err": {
                "message": "AssertionError: Timed out retrying after 4000ms: Expected to find element: `#AddBoxToCart`, but never found it.",
                "estack": "AssertionError: Timed out retrying after 4000ms: Expected to find element: `#AddBoxToCart`, but never found it.\n    at Context.eval (webpack:///./cypress/e2e/pdp-subscribe-bttn.cy.js:156:21)",
                "diff": null
              },
              "uuid": "aae433a9-86aa-41b4-9a94-46903e477e99",
              "parentUUID": "159a9323-d1d7-484b-bcd2-2fc3b66516ba",
              "isHook": false,
              "skipped": false
            },
            {
              "title": "1 .Visits page /products/keepsake-lilac-brief-panties",
              "fullTitle": "Check prices are hidden 1 .Visits page /products/keepsake-lilac-brief-panties",
              "timedOut": null,
              "duration": 3827,
              "state": "passed",
              "speed": "fast",
              "pass": true,
              "fail": false,
              "pending": false,
              "context": null,
              "code": "cy.visit(pdps[i]); // getIframeBody().find('#closeIconContainer').should('have.class', 'css-upw05v').click();\n// console.log(JSON.stringify(pdps))\n// cy.scrollTo(0,1200)\n// cy.wait(1000)",
              "err": {},
              "uuid": "39e38134-4d69-40a8-9ac4-4a0f0b81f17e",
              "parentUUID": "159a9323-d1d7-484b-bcd2-2fc3b66516ba",
              "isHook": false,
              "skipped": false
            },
            {
              "title": "After checking the element addToCartToggleButton.sub subscription button should be visible",
              "fullTitle": "Check prices are hidden After checking the element addToCartToggleButton.sub subscription button should be visible",
              "timedOut": null,
              "duration": 1209,
              "state": "passed",
              "speed": "fast",
              "pass": true,
              "fail": false,
              "pending": false,
              "context": null,
              "code": "cy.get('.addToCartToggler li.addToCartToggleButton.sub').then(el => {\n  console.log(el);\n  cy.wait(1000);\n  cy.get(el).click();\n  cy.get('#AddBoxToCart').should('be.visible');\n});",
              "err": {},
              "uuid": "a18cd541-f7c4-44f5-b244-c196b08a283a",
              "parentUUID": "159a9323-d1d7-484b-bcd2-2fc3b66516ba",
              "isHook": false,
              "skipped": false
            },
            {
              "title": "2 .Visits page /products/piki-high-cut",
              "fullTitle": "Check prices are hidden 2 .Visits page /products/piki-high-cut",
              "timedOut": null,
              "duration": 6753,
              "state": "passed",
              "speed": "medium",
              "pass": true,
              "fail": false,
              "pending": false,
              "context": null,
              "code": "cy.visit(pdps[i]); // getIframeBody().find('#closeIconContainer').should('have.class', 'css-upw05v').click();\n// console.log(JSON.stringify(pdps))\n// cy.scrollTo(0,1200)\n// cy.wait(1000)",
              "err": {},
              "uuid": "5e5bbf33-4fa9-4110-9e50-ace09be207b0",
              "parentUUID": "159a9323-d1d7-484b-bcd2-2fc3b66516ba",
              "isHook": false,
              "skipped": false
            },
            {
              "title": "After checking the element addToCartToggleButton.sub subscription button should be visible",
              "fullTitle": "Check prices are hidden After checking the element addToCartToggleButton.sub subscription button should be visible",
              "timedOut": null,
              "duration": 5400,
              "state": "failed",
              "speed": null,
              "pass": false,
              "fail": true,
              "pending": false,
              "context": null,
              "code": "cy.get('.addToCartToggler li.addToCartToggleButton.sub').then(el => {\n  console.log(el);\n  cy.wait(1000);\n  cy.get(el).click();\n  cy.get('#AddBoxToCart').should('be.visible');\n});",
              "err": {
                "message": "AssertionError: Timed out retrying after 4000ms: Expected to find element: `#AddBoxToCart`, but never found it.",
                "estack": "AssertionError: Timed out retrying after 4000ms: Expected to find element: `#AddBoxToCart`, but never found it.\n    at Context.eval (webpack:///./cypress/e2e/pdp-subscribe-bttn.cy.js:156:21)",
                "diff": null
              },
              "uuid": "39c9d82f-6ffa-4480-8276-b45aabc9c667",
              "parentUUID": "159a9323-d1d7-484b-bcd2-2fc3b66516ba",
              "isHook": false,
              "skipped": false
            },
            {
              "title": "3 .Visits page /products/black-mesh-brief-panties",
              "fullTitle": "Check prices are hidden 3 .Visits page /products/black-mesh-brief-panties",
              "timedOut": null,
              "duration": 6398,
              "state": "passed",
              "speed": "medium",
              "pass": true,
              "fail": false,
              "pending": false,
              "context": null,
              "code": "cy.visit(pdps[i]); // getIframeBody().find('#closeIconContainer').should('have.class', 'css-upw05v').click();\n// console.log(JSON.stringify(pdps))\n// cy.scrollTo(0,1200)\n// cy.wait(1000)",
              "err": {},
              "uuid": "3abcc890-c048-42f0-9d91-415689de5573",
              "parentUUID": "159a9323-d1d7-484b-bcd2-2fc3b66516ba",
              "isHook": false,
              "skipped": false
            },
            {
              "title": "After checking the element addToCartToggleButton.sub subscription button should be visible",
              "fullTitle": "Check prices are hidden After checking the element addToCartToggleButton.sub subscription button should be visible",
              "timedOut": null,
              "duration": 4283,
              "state": "failed",
              "speed": null,
              "pass": false,
              "fail": true,
              "pending": false,
              "context": null,
              "code": "cy.get('.addToCartToggler li.addToCartToggleButton.sub').then(el => {\n  console.log(el);\n  cy.wait(1000);\n  cy.get(el).click();\n  cy.get('#AddBoxToCart').should('be.visible');\n});",
              "err": {
                "message": "AssertionError: Timed out retrying after 4000ms: Expected to find element: `.addToCartToggler li.addToCartToggleButton.sub`, but never found it.",
                "estack": "AssertionError: Timed out retrying after 4000ms: Expected to find element: `.addToCartToggler li.addToCartToggleButton.sub`, but never found it.\n    at Context.eval (webpack:///./cypress/e2e/pdp-subscribe-bttn.cy.js:150:15)",
                "diff": null
              },
              "uuid": "2cd811bb-d874-453c-9a95-3cafce85104e",
              "parentUUID": "159a9323-d1d7-484b-bcd2-2fc3b66516ba",
              "isHook": false,
              "skipped": false
            },
            {
              "title": "4 .Visits page /products/black-mesh-highwaisted-panties",
              "fullTitle": "Check prices are hidden 4 .Visits page /products/black-mesh-highwaisted-panties",
              "timedOut": null,
              "duration": 19383,
              "state": "passed",
              "speed": "slow",
              "pass": true,
              "fail": false,
              "pending": false,
              "context": null,
              "code": "cy.visit(pdps[i]); // getIframeBody().find('#closeIconContainer').should('have.class', 'css-upw05v').click();\n// console.log(JSON.stringify(pdps))\n// cy.scrollTo(0,1200)\n// cy.wait(1000)",
              "err": {},
              "uuid": "3d7e0b47-3646-4b28-b578-6a06c4244b51",
              "parentUUID": "159a9323-d1d7-484b-bcd2-2fc3b66516ba",
              "isHook": false,
              "skipped": false
            },
            {
              "title": "After checking the element addToCartToggleButton.sub subscription button should be visible",
              "fullTitle": "Check prices are hidden After checking the element addToCartToggleButton.sub subscription button should be visible",
              "timedOut": null,
              "duration": 4341,
              "state": "failed",
              "speed": null,
              "pass": false,
              "fail": true,
              "pending": false,
              "context": null,
              "code": "cy.get('.addToCartToggler li.addToCartToggleButton.sub').then(el => {\n  console.log(el);\n  cy.wait(1000);\n  cy.get(el).click();\n  cy.get('#AddBoxToCart').should('be.visible');\n});",
              "err": {
                "message": "AssertionError: Timed out retrying after 4000ms: Expected to find element: `.addToCartToggler li.addToCartToggleButton.sub`, but never found it.",
                "estack": "AssertionError: Timed out retrying after 4000ms: Expected to find element: `.addToCartToggler li.addToCartToggleButton.sub`, but never found it.\n    at Context.eval (webpack:///./cypress/e2e/pdp-subscribe-bttn.cy.js:150:15)",
                "diff": null
              },
              "uuid": "5ba5cea2-155e-47b2-bc9f-ba6f3f7d9a50",
              "parentUUID": "159a9323-d1d7-484b-bcd2-2fc3b66516ba",
              "isHook": false,
              "skipped": false
            },
            {
              "title": "5 .Visits page /products/ocean-depths-high-cut",
              "fullTitle": "Check prices are hidden 5 .Visits page /products/ocean-depths-high-cut",
              "timedOut": null,
              "duration": 4192,
              "state": "passed",
              "speed": "fast",
              "pass": true,
              "fail": false,
              "pending": false,
              "context": null,
              "code": "cy.visit(pdps[i]); // getIframeBody().find('#closeIconContainer').should('have.class', 'css-upw05v').click();\n// console.log(JSON.stringify(pdps))\n// cy.scrollTo(0,1200)\n// cy.wait(1000)",
              "err": {},
              "uuid": "d5348a22-d8e3-4e71-a9d8-47dbd1bda3e5",
              "parentUUID": "159a9323-d1d7-484b-bcd2-2fc3b66516ba",
              "isHook": false,
              "skipped": false
            },
            {
              "title": "After checking the element addToCartToggleButton.sub subscription button should be visible",
              "fullTitle": "Check prices are hidden After checking the element addToCartToggleButton.sub subscription button should be visible",
              "timedOut": null,
              "duration": 5433,
              "state": "failed",
              "speed": null,
              "pass": false,
              "fail": true,
              "pending": false,
              "context": null,
              "code": "cy.get('.addToCartToggler li.addToCartToggleButton.sub').then(el => {\n  console.log(el);\n  cy.wait(1000);\n  cy.get(el).click();\n  cy.get('#AddBoxToCart').should('be.visible');\n});",
              "err": {
                "message": "AssertionError: Timed out retrying after 4000ms: Expected to find element: `#AddBoxToCart`, but never found it.",
                "estack": "AssertionError: Timed out retrying after 4000ms: Expected to find element: `#AddBoxToCart`, but never found it.\n    at Context.eval (webpack:///./cypress/e2e/pdp-subscribe-bttn.cy.js:156:21)",
                "diff": null
              },
              "uuid": "9b51eda5-5840-4757-a0c5-6fb4c91071d0",
              "parentUUID": "159a9323-d1d7-484b-bcd2-2fc3b66516ba",
              "isHook": false,
              "skipped": false
            },
            {
              "title": "6 .Visits page /products/picnic-rose-brief",
              "fullTitle": "Check prices are hidden 6 .Visits page /products/picnic-rose-brief",
              "timedOut": null,
              "duration": 7252,
              "state": "passed",
              "speed": "medium",
              "pass": true,
              "fail": false,
              "pending": false,
              "context": null,
              "code": "cy.visit(pdps[i]); // getIframeBody().find('#closeIconContainer').should('have.class', 'css-upw05v').click();\n// console.log(JSON.stringify(pdps))\n// cy.scrollTo(0,1200)\n// cy.wait(1000)",
              "err": {},
              "uuid": "3e5f5672-c24d-4e15-96f0-dda86f597dd9",
              "parentUUID": "159a9323-d1d7-484b-bcd2-2fc3b66516ba",
              "isHook": false,
              "skipped": false
            },
            {
              "title": "After checking the element addToCartToggleButton.sub subscription button should be visible",
              "fullTitle": "Check prices are hidden After checking the element addToCartToggleButton.sub subscription button should be visible",
              "timedOut": null,
              "duration": 1214,
              "state": "passed",
              "speed": "fast",
              "pass": true,
              "fail": false,
              "pending": false,
              "context": null,
              "code": "cy.get('.addToCartToggler li.addToCartToggleButton.sub').then(el => {\n  console.log(el);\n  cy.wait(1000);\n  cy.get(el).click();\n  cy.get('#AddBoxToCart').should('be.visible');\n});",
              "err": {},
              "uuid": "4872f9a8-4bd8-41a4-ad83-dcd7932636a5",
              "parentUUID": "159a9323-d1d7-484b-bcd2-2fc3b66516ba",
              "isHook": false,
              "skipped": false
            },
            {
              "title": "7 .Visits page /products/nude-bikini-panties",
              "fullTitle": "Check prices are hidden 7 .Visits page /products/nude-bikini-panties",
              "timedOut": null,
              "duration": 5804,
              "state": "passed",
              "speed": "medium",
              "pass": true,
              "fail": false,
              "pending": false,
              "context": null,
              "code": "cy.visit(pdps[i]); // getIframeBody().find('#closeIconContainer').should('have.class', 'css-upw05v').click();\n// console.log(JSON.stringify(pdps))\n// cy.scrollTo(0,1200)\n// cy.wait(1000)",
              "err": {},
              "uuid": "42996826-3f0e-4955-9a85-796a2135f053",
              "parentUUID": "159a9323-d1d7-484b-bcd2-2fc3b66516ba",
              "isHook": false,
              "skipped": false
            },
            {
              "title": "After checking the element addToCartToggleButton.sub subscription button should be visible",
              "fullTitle": "Check prices are hidden After checking the element addToCartToggleButton.sub subscription button should be visible",
              "timedOut": null,
              "duration": 1224,
              "state": "passed",
              "speed": "fast",
              "pass": true,
              "fail": false,
              "pending": false,
              "context": null,
              "code": "cy.get('.addToCartToggler li.addToCartToggleButton.sub').then(el => {\n  console.log(el);\n  cy.wait(1000);\n  cy.get(el).click();\n  cy.get('#AddBoxToCart').should('be.visible');\n});",
              "err": {},
              "uuid": "c789f6a1-cff6-4910-b6c8-796ae03a8ba4",
              "parentUUID": "159a9323-d1d7-484b-bcd2-2fc3b66516ba",
              "isHook": false,
              "skipped": false
            },
            {
              "title": "8 .Visits page /products/nude-cheeky",
              "fullTitle": "Check prices are hidden 8 .Visits page /products/nude-cheeky",
              "timedOut": null,
              "duration": 3591,
              "state": "passed",
              "speed": "fast",
              "pass": true,
              "fail": false,
              "pending": false,
              "context": null,
              "code": "cy.visit(pdps[i]); // getIframeBody().find('#closeIconContainer').should('have.class', 'css-upw05v').click();\n// console.log(JSON.stringify(pdps))\n// cy.scrollTo(0,1200)\n// cy.wait(1000)",
              "err": {},
              "uuid": "2829efcf-114f-4adf-aca4-4b88e28afe2a",
              "parentUUID": "159a9323-d1d7-484b-bcd2-2fc3b66516ba",
              "isHook": false,
              "skipped": false
            },
            {
              "title": "After checking the element addToCartToggleButton.sub subscription button should be visible",
              "fullTitle": "Check prices are hidden After checking the element addToCartToggleButton.sub subscription button should be visible",
              "timedOut": null,
              "duration": 1222,
              "state": "passed",
              "speed": "fast",
              "pass": true,
              "fail": false,
              "pending": false,
              "context": null,
              "code": "cy.get('.addToCartToggler li.addToCartToggleButton.sub').then(el => {\n  console.log(el);\n  cy.wait(1000);\n  cy.get(el).click();\n  cy.get('#AddBoxToCart').should('be.visible');\n});",
              "err": {},
              "uuid": "7dff2c6a-21e6-4576-945e-e75f683edf35",
              "parentUUID": "159a9323-d1d7-484b-bcd2-2fc3b66516ba",
              "isHook": false,
              "skipped": false
            },
            {
              "title": "9 .Visits page /products/highwaisted-nude-thong",
              "fullTitle": "Check prices are hidden 9 .Visits page /products/highwaisted-nude-thong",
              "timedOut": null,
              "duration": 3701,
              "state": "passed",
              "speed": "fast",
              "pass": true,
              "fail": false,
              "pending": false,
              "context": null,
              "code": "cy.visit(pdps[i]); // getIframeBody().find('#closeIconContainer').should('have.class', 'css-upw05v').click();\n// console.log(JSON.stringify(pdps))\n// cy.scrollTo(0,1200)\n// cy.wait(1000)",
              "err": {},
              "uuid": "02b7c510-bf43-4231-a43f-fef1dfa3f20d",
              "parentUUID": "159a9323-d1d7-484b-bcd2-2fc3b66516ba",
              "isHook": false,
              "skipped": false
            },
            {
              "title": "After checking the element addToCartToggleButton.sub subscription button should be visible",
              "fullTitle": "Check prices are hidden After checking the element addToCartToggleButton.sub subscription button should be visible",
              "timedOut": null,
              "duration": 1221,
              "state": "passed",
              "speed": "fast",
              "pass": true,
              "fail": false,
              "pending": false,
              "context": null,
              "code": "cy.get('.addToCartToggler li.addToCartToggleButton.sub').then(el => {\n  console.log(el);\n  cy.wait(1000);\n  cy.get(el).click();\n  cy.get('#AddBoxToCart').should('be.visible');\n});",
              "err": {},
              "uuid": "8aca2185-283b-4b49-89d9-e00eb74ccd36",
              "parentUUID": "159a9323-d1d7-484b-bcd2-2fc3b66516ba",
              "isHook": false,
              "skipped": false
            },
            {
              "title": "10 .Visits page /products/nude-thong",
              "fullTitle": "Check prices are hidden 10 .Visits page /products/nude-thong",
              "timedOut": null,
              "duration": 2525,
              "state": "passed",
              "speed": "fast",
              "pass": true,
              "fail": false,
              "pending": false,
              "context": null,
              "code": "cy.visit(pdps[i]); // getIframeBody().find('#closeIconContainer').should('have.class', 'css-upw05v').click();\n// console.log(JSON.stringify(pdps))\n// cy.scrollTo(0,1200)\n// cy.wait(1000)",
              "err": {},
              "uuid": "66118a21-65a6-4529-9836-1dcf41d4afcf",
              "parentUUID": "159a9323-d1d7-484b-bcd2-2fc3b66516ba",
              "isHook": false,
              "skipped": false
            },
            {
              "title": "After checking the element addToCartToggleButton.sub subscription button should be visible",
              "fullTitle": "Check prices are hidden After checking the element addToCartToggleButton.sub subscription button should be visible",
              "timedOut": null,
              "duration": 1212,
              "state": "passed",
              "speed": "fast",
              "pass": true,
              "fail": false,
              "pending": false,
              "context": null,
              "code": "cy.get('.addToCartToggler li.addToCartToggleButton.sub').then(el => {\n  console.log(el);\n  cy.wait(1000);\n  cy.get(el).click();\n  cy.get('#AddBoxToCart').should('be.visible');\n});",
              "err": {},
              "uuid": "0d405274-6c60-477a-a14a-f5255446db9b",
              "parentUUID": "159a9323-d1d7-484b-bcd2-2fc3b66516ba",
              "isHook": false,
              "skipped": false
            },
            {
              "title": "11 .Visits page /products/exotic-botanical-high-cut",
              "fullTitle": "Check prices are hidden 11 .Visits page /products/exotic-botanical-high-cut",
              "timedOut": null,
              "duration": 2097,
              "state": "passed",
              "speed": "fast",
              "pass": true,
              "fail": false,
              "pending": false,
              "context": null,
              "code": "cy.visit(pdps[i]); // getIframeBody().find('#closeIconContainer').should('have.class', 'css-upw05v').click();\n// console.log(JSON.stringify(pdps))\n// cy.scrollTo(0,1200)\n// cy.wait(1000)",
              "err": {},
              "uuid": "874a33f6-80b7-41c0-8a06-4ded3f9b131f",
              "parentUUID": "159a9323-d1d7-484b-bcd2-2fc3b66516ba",
              "isHook": false,
              "skipped": false
            },
            {
              "title": "After checking the element addToCartToggleButton.sub subscription button should be visible",
              "fullTitle": "Check prices are hidden After checking the element addToCartToggleButton.sub subscription button should be visible",
              "timedOut": null,
              "duration": 1212,
              "state": "passed",
              "speed": "fast",
              "pass": true,
              "fail": false,
              "pending": false,
              "context": null,
              "code": "cy.get('.addToCartToggler li.addToCartToggleButton.sub').then(el => {\n  console.log(el);\n  cy.wait(1000);\n  cy.get(el).click();\n  cy.get('#AddBoxToCart').should('be.visible');\n});",
              "err": {},
              "uuid": "b2891c2d-209d-407e-b76b-dba2f73e9216",
              "parentUUID": "159a9323-d1d7-484b-bcd2-2fc3b66516ba",
              "isHook": false,
              "skipped": false
            },
            {
              "title": "12 .Visits page /products/poppy-red-brief-panties",
              "fullTitle": "Check prices are hidden 12 .Visits page /products/poppy-red-brief-panties",
              "timedOut": null,
              "duration": 2178,
              "state": "passed",
              "speed": "fast",
              "pass": true,
              "fail": false,
              "pending": false,
              "context": null,
              "code": "cy.visit(pdps[i]); // getIframeBody().find('#closeIconContainer').should('have.class', 'css-upw05v').click();\n// console.log(JSON.stringify(pdps))\n// cy.scrollTo(0,1200)\n// cy.wait(1000)",
              "err": {},
              "uuid": "372eeb7c-99fe-40d0-8e42-ee55bb412fc9",
              "parentUUID": "159a9323-d1d7-484b-bcd2-2fc3b66516ba",
              "isHook": false,
              "skipped": false
            },
            {
              "title": "After checking the element addToCartToggleButton.sub subscription button should be visible",
              "fullTitle": "Check prices are hidden After checking the element addToCartToggleButton.sub subscription button should be visible",
              "timedOut": null,
              "duration": 1203,
              "state": "passed",
              "speed": "fast",
              "pass": true,
              "fail": false,
              "pending": false,
              "context": null,
              "code": "cy.get('.addToCartToggler li.addToCartToggleButton.sub').then(el => {\n  console.log(el);\n  cy.wait(1000);\n  cy.get(el).click();\n  cy.get('#AddBoxToCart').should('be.visible');\n});",
              "err": {},
              "uuid": "f20a80a4-9a00-4368-802c-3624ae461971",
              "parentUUID": "159a9323-d1d7-484b-bcd2-2fc3b66516ba",
              "isHook": false,
              "skipped": false
            },
            {
              "title": "13 .Visits page /products/blue-opal-brief-panties",
              "fullTitle": "Check prices are hidden 13 .Visits page /products/blue-opal-brief-panties",
              "timedOut": null,
              "duration": 3311,
              "state": "passed",
              "speed": "fast",
              "pass": true,
              "fail": false,
              "pending": false,
              "context": null,
              "code": "cy.visit(pdps[i]); // getIframeBody().find('#closeIconContainer').should('have.class', 'css-upw05v').click();\n// console.log(JSON.stringify(pdps))\n// cy.scrollTo(0,1200)\n// cy.wait(1000)",
              "err": {},
              "uuid": "f0a36daf-c606-45b8-ad53-1ab1f0d46836",
              "parentUUID": "159a9323-d1d7-484b-bcd2-2fc3b66516ba",
              "isHook": false,
              "skipped": false
            },
            {
              "title": "After checking the element addToCartToggleButton.sub subscription button should be visible",
              "fullTitle": "Check prices are hidden After checking the element addToCartToggleButton.sub subscription button should be visible",
              "timedOut": null,
              "duration": 5467,
              "state": "failed",
              "speed": null,
              "pass": false,
              "fail": true,
              "pending": false,
              "context": null,
              "code": "cy.get('.addToCartToggler li.addToCartToggleButton.sub').then(el => {\n  console.log(el);\n  cy.wait(1000);\n  cy.get(el).click();\n  cy.get('#AddBoxToCart').should('be.visible');\n});",
              "err": {
                "message": "AssertionError: Timed out retrying after 4000ms: Expected to find element: `#AddBoxToCart`, but never found it.",
                "estack": "AssertionError: Timed out retrying after 4000ms: Expected to find element: `#AddBoxToCart`, but never found it.\n    at Context.eval (webpack:///./cypress/e2e/pdp-subscribe-bttn.cy.js:156:21)",
                "diff": null
              },
              "uuid": "84c17863-b132-489f-83ea-adf69456f431",
              "parentUUID": "159a9323-d1d7-484b-bcd2-2fc3b66516ba",
              "isHook": false,
              "skipped": false
            },
            {
              "title": "14 .Visits page /products/blue-opal-thong-panties",
              "fullTitle": "Check prices are hidden 14 .Visits page /products/blue-opal-thong-panties",
              "timedOut": null,
              "duration": 2276,
              "state": "passed",
              "speed": "fast",
              "pass": true,
              "fail": false,
              "pending": false,
              "context": null,
              "code": "cy.visit(pdps[i]); // getIframeBody().find('#closeIconContainer').should('have.class', 'css-upw05v').click();\n// console.log(JSON.stringify(pdps))\n// cy.scrollTo(0,1200)\n// cy.wait(1000)",
              "err": {},
              "uuid": "da1ada1b-459f-40cf-9ffd-1ca166ad199d",
              "parentUUID": "159a9323-d1d7-484b-bcd2-2fc3b66516ba",
              "isHook": false,
              "skipped": false
            },
            {
              "title": "After checking the element addToCartToggleButton.sub subscription button should be visible",
              "fullTitle": "Check prices are hidden After checking the element addToCartToggleButton.sub subscription button should be visible",
              "timedOut": null,
              "duration": 5486,
              "state": "failed",
              "speed": null,
              "pass": false,
              "fail": true,
              "pending": false,
              "context": null,
              "code": "cy.get('.addToCartToggler li.addToCartToggleButton.sub').then(el => {\n  console.log(el);\n  cy.wait(1000);\n  cy.get(el).click();\n  cy.get('#AddBoxToCart').should('be.visible');\n});",
              "err": {
                "message": "AssertionError: Timed out retrying after 4000ms: Expected to find element: `#AddBoxToCart`, but never found it.",
                "estack": "AssertionError: Timed out retrying after 4000ms: Expected to find element: `#AddBoxToCart`, but never found it.\n    at Context.eval (webpack:///./cypress/e2e/pdp-subscribe-bttn.cy.js:156:21)",
                "diff": null
              },
              "uuid": "d391a15e-a2e9-4abc-bbbe-76d2f199bedd",
              "parentUUID": "159a9323-d1d7-484b-bcd2-2fc3b66516ba",
              "isHook": false,
              "skipped": false
            },
            {
              "title": "15 .Visits page /products/dark-palm-thong",
              "fullTitle": "Check prices are hidden 15 .Visits page /products/dark-palm-thong",
              "timedOut": null,
              "duration": 3237,
              "state": "passed",
              "speed": "fast",
              "pass": true,
              "fail": false,
              "pending": false,
              "context": null,
              "code": "cy.visit(pdps[i]); // getIframeBody().find('#closeIconContainer').should('have.class', 'css-upw05v').click();\n// console.log(JSON.stringify(pdps))\n// cy.scrollTo(0,1200)\n// cy.wait(1000)",
              "err": {},
              "uuid": "b8571bf0-e7a5-4914-a62f-6328a83abcb6",
              "parentUUID": "159a9323-d1d7-484b-bcd2-2fc3b66516ba",
              "isHook": false,
              "skipped": false
            },
            {
              "title": "After checking the element addToCartToggleButton.sub subscription button should be visible",
              "fullTitle": "Check prices are hidden After checking the element addToCartToggleButton.sub subscription button should be visible",
              "timedOut": null,
              "duration": 1250,
              "state": "passed",
              "speed": "fast",
              "pass": true,
              "fail": false,
              "pending": false,
              "context": null,
              "code": "cy.get('.addToCartToggler li.addToCartToggleButton.sub').then(el => {\n  console.log(el);\n  cy.wait(1000);\n  cy.get(el).click();\n  cy.get('#AddBoxToCart').should('be.visible');\n});",
              "err": {},
              "uuid": "8d17657a-2aa4-4526-87ca-1eaf85559464",
              "parentUUID": "159a9323-d1d7-484b-bcd2-2fc3b66516ba",
              "isHook": false,
              "skipped": false
            },
            {
              "title": "16 .Visits page /products/castle-wall-thong",
              "fullTitle": "Check prices are hidden 16 .Visits page /products/castle-wall-thong",
              "timedOut": null,
              "duration": 3247,
              "state": "passed",
              "speed": "fast",
              "pass": true,
              "fail": false,
              "pending": false,
              "context": null,
              "code": "cy.visit(pdps[i]); // getIframeBody().find('#closeIconContainer').should('have.class', 'css-upw05v').click();\n// console.log(JSON.stringify(pdps))\n// cy.scrollTo(0,1200)\n// cy.wait(1000)",
              "err": {},
              "uuid": "4e2b5e52-5a0c-4ee1-9775-47ed7052e766",
              "parentUUID": "159a9323-d1d7-484b-bcd2-2fc3b66516ba",
              "isHook": false,
              "skipped": false
            },
            {
              "title": "After checking the element addToCartToggleButton.sub subscription button should be visible",
              "fullTitle": "Check prices are hidden After checking the element addToCartToggleButton.sub subscription button should be visible",
              "timedOut": null,
              "duration": 5421,
              "state": "failed",
              "speed": null,
              "pass": false,
              "fail": true,
              "pending": false,
              "context": null,
              "code": "cy.get('.addToCartToggler li.addToCartToggleButton.sub').then(el => {\n  console.log(el);\n  cy.wait(1000);\n  cy.get(el).click();\n  cy.get('#AddBoxToCart').should('be.visible');\n});",
              "err": {
                "message": "AssertionError: Timed out retrying after 4000ms: Expected to find element: `#AddBoxToCart`, but never found it.",
                "estack": "AssertionError: Timed out retrying after 4000ms: Expected to find element: `#AddBoxToCart`, but never found it.\n    at Context.eval (webpack:///./cypress/e2e/pdp-subscribe-bttn.cy.js:156:21)",
                "diff": null
              },
              "uuid": "22fcfa8c-9c30-4a7e-b656-61a09dea959c",
              "parentUUID": "159a9323-d1d7-484b-bcd2-2fc3b66516ba",
              "isHook": false,
              "skipped": false
            },
            {
              "title": "17 .Visits page /products/castle-wall-brief-panties",
              "fullTitle": "Check prices are hidden 17 .Visits page /products/castle-wall-brief-panties",
              "timedOut": null,
              "duration": 2380,
              "state": "passed",
              "speed": "fast",
              "pass": true,
              "fail": false,
              "pending": false,
              "context": null,
              "code": "cy.visit(pdps[i]); // getIframeBody().find('#closeIconContainer').should('have.class', 'css-upw05v').click();\n// console.log(JSON.stringify(pdps))\n// cy.scrollTo(0,1200)\n// cy.wait(1000)",
              "err": {},
              "uuid": "1fe5f741-db29-49b2-bb91-97b6209b6d80",
              "parentUUID": "159a9323-d1d7-484b-bcd2-2fc3b66516ba",
              "isHook": false,
              "skipped": false
            },
            {
              "title": "After checking the element addToCartToggleButton.sub subscription button should be visible",
              "fullTitle": "Check prices are hidden After checking the element addToCartToggleButton.sub subscription button should be visible",
              "timedOut": null,
              "duration": 1212,
              "state": "passed",
              "speed": "fast",
              "pass": true,
              "fail": false,
              "pending": false,
              "context": null,
              "code": "cy.get('.addToCartToggler li.addToCartToggleButton.sub').then(el => {\n  console.log(el);\n  cy.wait(1000);\n  cy.get(el).click();\n  cy.get('#AddBoxToCart').should('be.visible');\n});",
              "err": {},
              "uuid": "4b33560c-ff4b-4a1f-b116-899d1a18185d",
              "parentUUID": "159a9323-d1d7-484b-bcd2-2fc3b66516ba",
              "isHook": false,
              "skipped": false
            },
            {
              "title": "18 .Visits page /products/green-millieu-thong",
              "fullTitle": "Check prices are hidden 18 .Visits page /products/green-millieu-thong",
              "timedOut": null,
              "duration": 2463,
              "state": "passed",
              "speed": "fast",
              "pass": true,
              "fail": false,
              "pending": false,
              "context": null,
              "code": "cy.visit(pdps[i]); // getIframeBody().find('#closeIconContainer').should('have.class', 'css-upw05v').click();\n// console.log(JSON.stringify(pdps))\n// cy.scrollTo(0,1200)\n// cy.wait(1000)",
              "err": {},
              "uuid": "a8160b92-a9ec-49d4-9b40-a92890a8bb3b",
              "parentUUID": "159a9323-d1d7-484b-bcd2-2fc3b66516ba",
              "isHook": false,
              "skipped": false
            },
            {
              "title": "After checking the element addToCartToggleButton.sub subscription button should be visible",
              "fullTitle": "Check prices are hidden After checking the element addToCartToggleButton.sub subscription button should be visible",
              "timedOut": null,
              "duration": 5411,
              "state": "failed",
              "speed": null,
              "pass": false,
              "fail": true,
              "pending": false,
              "context": null,
              "code": "cy.get('.addToCartToggler li.addToCartToggleButton.sub').then(el => {\n  console.log(el);\n  cy.wait(1000);\n  cy.get(el).click();\n  cy.get('#AddBoxToCart').should('be.visible');\n});",
              "err": {
                "message": "AssertionError: Timed out retrying after 4000ms: Expected to find element: `#AddBoxToCart`, but never found it.",
                "estack": "AssertionError: Timed out retrying after 4000ms: Expected to find element: `#AddBoxToCart`, but never found it.\n    at Context.eval (webpack:///./cypress/e2e/pdp-subscribe-bttn.cy.js:156:21)",
                "diff": null
              },
              "uuid": "80bad1a8-8496-4339-a218-0e7dd1c7ef48",
              "parentUUID": "159a9323-d1d7-484b-bcd2-2fc3b66516ba",
              "isHook": false,
              "skipped": false
            },
            {
              "title": "19 .Visits page /products/rose-dust-pink-thong-panties",
              "fullTitle": "Check prices are hidden 19 .Visits page /products/rose-dust-pink-thong-panties",
              "timedOut": null,
              "duration": 2459,
              "state": "passed",
              "speed": "fast",
              "pass": true,
              "fail": false,
              "pending": false,
              "context": null,
              "code": "cy.visit(pdps[i]); // getIframeBody().find('#closeIconContainer').should('have.class', 'css-upw05v').click();\n// console.log(JSON.stringify(pdps))\n// cy.scrollTo(0,1200)\n// cy.wait(1000)",
              "err": {},
              "uuid": "33d76310-7c7c-4270-9939-1dcc25614223",
              "parentUUID": "159a9323-d1d7-484b-bcd2-2fc3b66516ba",
              "isHook": false,
              "skipped": false
            },
            {
              "title": "After checking the element addToCartToggleButton.sub subscription button should be visible",
              "fullTitle": "Check prices are hidden After checking the element addToCartToggleButton.sub subscription button should be visible",
              "timedOut": null,
              "duration": 5387,
              "state": "failed",
              "speed": null,
              "pass": false,
              "fail": true,
              "pending": false,
              "context": null,
              "code": "cy.get('.addToCartToggler li.addToCartToggleButton.sub').then(el => {\n  console.log(el);\n  cy.wait(1000);\n  cy.get(el).click();\n  cy.get('#AddBoxToCart').should('be.visible');\n});",
              "err": {
                "message": "AssertionError: Timed out retrying after 4000ms: Expected to find element: `#AddBoxToCart`, but never found it.",
                "estack": "AssertionError: Timed out retrying after 4000ms: Expected to find element: `#AddBoxToCart`, but never found it.\n    at Context.eval (webpack:///./cypress/e2e/pdp-subscribe-bttn.cy.js:156:21)",
                "diff": null
              },
              "uuid": "939804f3-f465-4fcd-afe0-ee7b3962d4a5",
              "parentUUID": "159a9323-d1d7-484b-bcd2-2fc3b66516ba",
              "isHook": false,
              "skipped": false
            },
            {
              "title": "20 .Visits page /products/fallen-rock-high-waisted-panties",
              "fullTitle": "Check prices are hidden 20 .Visits page /products/fallen-rock-high-waisted-panties",
              "timedOut": null,
              "duration": 3914,
              "state": "passed",
              "speed": "fast",
              "pass": true,
              "fail": false,
              "pending": false,
              "context": null,
              "code": "cy.visit(pdps[i]); // getIframeBody().find('#closeIconContainer').should('have.class', 'css-upw05v').click();\n// console.log(JSON.stringify(pdps))\n// cy.scrollTo(0,1200)\n// cy.wait(1000)",
              "err": {},
              "uuid": "dc1fcda7-ad84-4492-86aa-5aefa7d90b27",
              "parentUUID": "159a9323-d1d7-484b-bcd2-2fc3b66516ba",
              "isHook": false,
              "skipped": false
            },
            {
              "title": "After checking the element addToCartToggleButton.sub subscription button should be visible",
              "fullTitle": "Check prices are hidden After checking the element addToCartToggleButton.sub subscription button should be visible",
              "timedOut": null,
              "duration": 5432,
              "state": "failed",
              "speed": null,
              "pass": false,
              "fail": true,
              "pending": false,
              "context": null,
              "code": "cy.get('.addToCartToggler li.addToCartToggleButton.sub').then(el => {\n  console.log(el);\n  cy.wait(1000);\n  cy.get(el).click();\n  cy.get('#AddBoxToCart').should('be.visible');\n});",
              "err": {
                "message": "AssertionError: Timed out retrying after 4000ms: Expected to find element: `#AddBoxToCart`, but never found it.",
                "estack": "AssertionError: Timed out retrying after 4000ms: Expected to find element: `#AddBoxToCart`, but never found it.\n    at Context.eval (webpack:///./cypress/e2e/pdp-subscribe-bttn.cy.js:156:21)",
                "diff": null
              },
              "uuid": "31685fac-46eb-483c-8f43-13a030825d7d",
              "parentUUID": "159a9323-d1d7-484b-bcd2-2fc3b66516ba",
              "isHook": false,
              "skipped": false
            },
            {
              "title": "21 .Visits page /products/fallen-rock-bikini",
              "fullTitle": "Check prices are hidden 21 .Visits page /products/fallen-rock-bikini",
              "timedOut": null,
              "duration": 2254,
              "state": "passed",
              "speed": "fast",
              "pass": true,
              "fail": false,
              "pending": false,
              "context": null,
              "code": "cy.visit(pdps[i]); // getIframeBody().find('#closeIconContainer').should('have.class', 'css-upw05v').click();\n// console.log(JSON.stringify(pdps))\n// cy.scrollTo(0,1200)\n// cy.wait(1000)",
              "err": {},
              "uuid": "2b803c3a-f229-46b8-bbb2-da5b105e32d4",
              "parentUUID": "159a9323-d1d7-484b-bcd2-2fc3b66516ba",
              "isHook": false,
              "skipped": false
            },
            {
              "title": "After checking the element addToCartToggleButton.sub subscription button should be visible",
              "fullTitle": "Check prices are hidden After checking the element addToCartToggleButton.sub subscription button should be visible",
              "timedOut": null,
              "duration": 1208,
              "state": "passed",
              "speed": "fast",
              "pass": true,
              "fail": false,
              "pending": false,
              "context": null,
              "code": "cy.get('.addToCartToggler li.addToCartToggleButton.sub').then(el => {\n  console.log(el);\n  cy.wait(1000);\n  cy.get(el).click();\n  cy.get('#AddBoxToCart').should('be.visible');\n});",
              "err": {},
              "uuid": "115bac66-ca41-477f-83de-c3d000dce6d2",
              "parentUUID": "159a9323-d1d7-484b-bcd2-2fc3b66516ba",
              "isHook": false,
              "skipped": false
            },
            {
              "title": "22 .Visits page /products/black-thong",
              "fullTitle": "Check prices are hidden 22 .Visits page /products/black-thong",
              "timedOut": null,
              "duration": 3461,
              "state": "passed",
              "speed": "fast",
              "pass": true,
              "fail": false,
              "pending": false,
              "context": null,
              "code": "cy.visit(pdps[i]); // getIframeBody().find('#closeIconContainer').should('have.class', 'css-upw05v').click();\n// console.log(JSON.stringify(pdps))\n// cy.scrollTo(0,1200)\n// cy.wait(1000)",
              "err": {},
              "uuid": "4fd3b117-efdf-4c71-a8f3-1e425712be16",
              "parentUUID": "159a9323-d1d7-484b-bcd2-2fc3b66516ba",
              "isHook": false,
              "skipped": false
            },
            {
              "title": "After checking the element addToCartToggleButton.sub subscription button should be visible",
              "fullTitle": "Check prices are hidden After checking the element addToCartToggleButton.sub subscription button should be visible",
              "timedOut": null,
              "duration": 1206,
              "state": "passed",
              "speed": "fast",
              "pass": true,
              "fail": false,
              "pending": false,
              "context": null,
              "code": "cy.get('.addToCartToggler li.addToCartToggleButton.sub').then(el => {\n  console.log(el);\n  cy.wait(1000);\n  cy.get(el).click();\n  cy.get('#AddBoxToCart').should('be.visible');\n});",
              "err": {},
              "uuid": "0b8046ff-1b75-40f7-9a0a-1ad6032f3903",
              "parentUUID": "159a9323-d1d7-484b-bcd2-2fc3b66516ba",
              "isHook": false,
              "skipped": false
            },
            {
              "title": "23 .Visits page /products/black-high-waisted-thong",
              "fullTitle": "Check prices are hidden 23 .Visits page /products/black-high-waisted-thong",
              "timedOut": null,
              "duration": 3468,
              "state": "passed",
              "speed": "fast",
              "pass": true,
              "fail": false,
              "pending": false,
              "context": null,
              "code": "cy.visit(pdps[i]); // getIframeBody().find('#closeIconContainer').should('have.class', 'css-upw05v').click();\n// console.log(JSON.stringify(pdps))\n// cy.scrollTo(0,1200)\n// cy.wait(1000)",
              "err": {},
              "uuid": "2f32e526-8eb2-4d06-87da-10113e4bff27",
              "parentUUID": "159a9323-d1d7-484b-bcd2-2fc3b66516ba",
              "isHook": false,
              "skipped": false
            },
            {
              "title": "After checking the element addToCartToggleButton.sub subscription button should be visible",
              "fullTitle": "Check prices are hidden After checking the element addToCartToggleButton.sub subscription button should be visible",
              "timedOut": null,
              "duration": 1213,
              "state": "passed",
              "speed": "fast",
              "pass": true,
              "fail": false,
              "pending": false,
              "context": null,
              "code": "cy.get('.addToCartToggler li.addToCartToggleButton.sub').then(el => {\n  console.log(el);\n  cy.wait(1000);\n  cy.get(el).click();\n  cy.get('#AddBoxToCart').should('be.visible');\n});",
              "err": {},
              "uuid": "36b590e6-3c9a-470b-9ba5-e59b8fbdc830",
              "parentUUID": "159a9323-d1d7-484b-bcd2-2fc3b66516ba",
              "isHook": false,
              "skipped": false
            },
            {
              "title": "24 .Visits page /products/black-high-waisted-panties",
              "fullTitle": "Check prices are hidden 24 .Visits page /products/black-high-waisted-panties",
              "timedOut": null,
              "duration": 2409,
              "state": "passed",
              "speed": "fast",
              "pass": true,
              "fail": false,
              "pending": false,
              "context": null,
              "code": "cy.visit(pdps[i]); // getIframeBody().find('#closeIconContainer').should('have.class', 'css-upw05v').click();\n// console.log(JSON.stringify(pdps))\n// cy.scrollTo(0,1200)\n// cy.wait(1000)",
              "err": {},
              "uuid": "681f10ce-7c8e-4deb-a347-363cb3ccb5bd",
              "parentUUID": "159a9323-d1d7-484b-bcd2-2fc3b66516ba",
              "isHook": false,
              "skipped": false
            },
            {
              "title": "After checking the element addToCartToggleButton.sub subscription button should be visible",
              "fullTitle": "Check prices are hidden After checking the element addToCartToggleButton.sub subscription button should be visible",
              "timedOut": null,
              "duration": 1205,
              "state": "passed",
              "speed": "fast",
              "pass": true,
              "fail": false,
              "pending": false,
              "context": null,
              "code": "cy.get('.addToCartToggler li.addToCartToggleButton.sub').then(el => {\n  console.log(el);\n  cy.wait(1000);\n  cy.get(el).click();\n  cy.get('#AddBoxToCart').should('be.visible');\n});",
              "err": {},
              "uuid": "bd94796c-f931-4fb7-9740-5e55dfad2d7f",
              "parentUUID": "159a9323-d1d7-484b-bcd2-2fc3b66516ba",
              "isHook": false,
              "skipped": false
            },
            {
              "title": "25 .Visits page /products/black-cheeky-panties",
              "fullTitle": "Check prices are hidden 25 .Visits page /products/black-cheeky-panties",
              "timedOut": null,
              "duration": 3196,
              "state": "passed",
              "speed": "fast",
              "pass": true,
              "fail": false,
              "pending": false,
              "context": null,
              "code": "cy.visit(pdps[i]); // getIframeBody().find('#closeIconContainer').should('have.class', 'css-upw05v').click();\n// console.log(JSON.stringify(pdps))\n// cy.scrollTo(0,1200)\n// cy.wait(1000)",
              "err": {},
              "uuid": "bf575ee8-fe24-4b33-8b89-d9cf43a2f6ab",
              "parentUUID": "159a9323-d1d7-484b-bcd2-2fc3b66516ba",
              "isHook": false,
              "skipped": false
            },
            {
              "title": "After checking the element addToCartToggleButton.sub subscription button should be visible",
              "fullTitle": "Check prices are hidden After checking the element addToCartToggleButton.sub subscription button should be visible",
              "timedOut": null,
              "duration": 1214,
              "state": "passed",
              "speed": "fast",
              "pass": true,
              "fail": false,
              "pending": false,
              "context": null,
              "code": "cy.get('.addToCartToggler li.addToCartToggleButton.sub').then(el => {\n  console.log(el);\n  cy.wait(1000);\n  cy.get(el).click();\n  cy.get('#AddBoxToCart').should('be.visible');\n});",
              "err": {},
              "uuid": "f21ac7fd-fec2-467f-b9b3-325f144fac2d",
              "parentUUID": "159a9323-d1d7-484b-bcd2-2fc3b66516ba",
              "isHook": false,
              "skipped": false
            },
            {
              "title": "26 .Visits page /products/white-thong-panties",
              "fullTitle": "Check prices are hidden 26 .Visits page /products/white-thong-panties",
              "timedOut": null,
              "duration": 3647,
              "state": "passed",
              "speed": "fast",
              "pass": true,
              "fail": false,
              "pending": false,
              "context": null,
              "code": "cy.visit(pdps[i]); // getIframeBody().find('#closeIconContainer').should('have.class', 'css-upw05v').click();\n// console.log(JSON.stringify(pdps))\n// cy.scrollTo(0,1200)\n// cy.wait(1000)",
              "err": {},
              "uuid": "11effb56-bd74-4f33-beef-887dbd88a3a2",
              "parentUUID": "159a9323-d1d7-484b-bcd2-2fc3b66516ba",
              "isHook": false,
              "skipped": false
            },
            {
              "title": "After checking the element addToCartToggleButton.sub subscription button should be visible",
              "fullTitle": "Check prices are hidden After checking the element addToCartToggleButton.sub subscription button should be visible",
              "timedOut": null,
              "duration": 5411,
              "state": "failed",
              "speed": null,
              "pass": false,
              "fail": true,
              "pending": false,
              "context": null,
              "code": "cy.get('.addToCartToggler li.addToCartToggleButton.sub').then(el => {\n  console.log(el);\n  cy.wait(1000);\n  cy.get(el).click();\n  cy.get('#AddBoxToCart').should('be.visible');\n});",
              "err": {
                "message": "AssertionError: Timed out retrying after 4000ms: Expected to find element: `#AddBoxToCart`, but never found it.",
                "estack": "AssertionError: Timed out retrying after 4000ms: Expected to find element: `#AddBoxToCart`, but never found it.\n    at Context.eval (webpack:///./cypress/e2e/pdp-subscribe-bttn.cy.js:156:21)",
                "diff": null
              },
              "uuid": "eca0796a-8926-4763-b18d-ec88c2e343f2",
              "parentUUID": "159a9323-d1d7-484b-bcd2-2fc3b66516ba",
              "isHook": false,
              "skipped": false
            },
            {
              "title": "27 .Visits page /products/high-waisted-white-panties",
              "fullTitle": "Check prices are hidden 27 .Visits page /products/high-waisted-white-panties",
              "timedOut": null,
              "duration": 3405,
              "state": "passed",
              "speed": "fast",
              "pass": true,
              "fail": false,
              "pending": false,
              "context": null,
              "code": "cy.visit(pdps[i]); // getIframeBody().find('#closeIconContainer').should('have.class', 'css-upw05v').click();\n// console.log(JSON.stringify(pdps))\n// cy.scrollTo(0,1200)\n// cy.wait(1000)",
              "err": {},
              "uuid": "bbc89842-2f0e-474e-892d-e5a65f329da7",
              "parentUUID": "159a9323-d1d7-484b-bcd2-2fc3b66516ba",
              "isHook": false,
              "skipped": false
            },
            {
              "title": "After checking the element addToCartToggleButton.sub subscription button should be visible",
              "fullTitle": "Check prices are hidden After checking the element addToCartToggleButton.sub subscription button should be visible",
              "timedOut": null,
              "duration": 5398,
              "state": "failed",
              "speed": null,
              "pass": false,
              "fail": true,
              "pending": false,
              "context": null,
              "code": "cy.get('.addToCartToggler li.addToCartToggleButton.sub').then(el => {\n  console.log(el);\n  cy.wait(1000);\n  cy.get(el).click();\n  cy.get('#AddBoxToCart').should('be.visible');\n});",
              "err": {
                "message": "AssertionError: Timed out retrying after 4000ms: Expected to find element: `#AddBoxToCart`, but never found it.",
                "estack": "AssertionError: Timed out retrying after 4000ms: Expected to find element: `#AddBoxToCart`, but never found it.\n    at Context.eval (webpack:///./cypress/e2e/pdp-subscribe-bttn.cy.js:156:21)",
                "diff": null
              },
              "uuid": "e93c80a5-da5f-45d6-9c83-0e51d15a677f",
              "parentUUID": "159a9323-d1d7-484b-bcd2-2fc3b66516ba",
              "isHook": false,
              "skipped": false
            },
            {
              "title": "28 .Visits page /products/white-cheeky",
              "fullTitle": "Check prices are hidden 28 .Visits page /products/white-cheeky",
              "timedOut": null,
              "duration": 2470,
              "state": "passed",
              "speed": "fast",
              "pass": true,
              "fail": false,
              "pending": false,
              "context": null,
              "code": "cy.visit(pdps[i]); // getIframeBody().find('#closeIconContainer').should('have.class', 'css-upw05v').click();\n// console.log(JSON.stringify(pdps))\n// cy.scrollTo(0,1200)\n// cy.wait(1000)",
              "err": {},
              "uuid": "4e6bd720-8647-4bd5-9dbd-e5d254bf81e4",
              "parentUUID": "159a9323-d1d7-484b-bcd2-2fc3b66516ba",
              "isHook": false,
              "skipped": false
            },
            {
              "title": "After checking the element addToCartToggleButton.sub subscription button should be visible",
              "fullTitle": "Check prices are hidden After checking the element addToCartToggleButton.sub subscription button should be visible",
              "timedOut": null,
              "duration": 1213,
              "state": "passed",
              "speed": "fast",
              "pass": true,
              "fail": false,
              "pending": false,
              "context": null,
              "code": "cy.get('.addToCartToggler li.addToCartToggleButton.sub').then(el => {\n  console.log(el);\n  cy.wait(1000);\n  cy.get(el).click();\n  cy.get('#AddBoxToCart').should('be.visible');\n});",
              "err": {},
              "uuid": "724ac44e-a096-49dc-90d5-84de18c8ea5c",
              "parentUUID": "159a9323-d1d7-484b-bcd2-2fc3b66516ba",
              "isHook": false,
              "skipped": false
            },
            {
              "title": "29 .Visits page /products/brief-white-panties",
              "fullTitle": "Check prices are hidden 29 .Visits page /products/brief-white-panties",
              "timedOut": null,
              "duration": 3881,
              "state": "passed",
              "speed": "fast",
              "pass": true,
              "fail": false,
              "pending": false,
              "context": null,
              "code": "cy.visit(pdps[i]); // getIframeBody().find('#closeIconContainer').should('have.class', 'css-upw05v').click();\n// console.log(JSON.stringify(pdps))\n// cy.scrollTo(0,1200)\n// cy.wait(1000)",
              "err": {},
              "uuid": "8976c35c-e06f-427d-803e-5eed29dbba0a",
              "parentUUID": "159a9323-d1d7-484b-bcd2-2fc3b66516ba",
              "isHook": false,
              "skipped": false
            },
            {
              "title": "After checking the element addToCartToggleButton.sub subscription button should be visible",
              "fullTitle": "Check prices are hidden After checking the element addToCartToggleButton.sub subscription button should be visible",
              "timedOut": null,
              "duration": 1219,
              "state": "passed",
              "speed": "fast",
              "pass": true,
              "fail": false,
              "pending": false,
              "context": null,
              "code": "cy.get('.addToCartToggler li.addToCartToggleButton.sub').then(el => {\n  console.log(el);\n  cy.wait(1000);\n  cy.get(el).click();\n  cy.get('#AddBoxToCart').should('be.visible');\n});",
              "err": {},
              "uuid": "78b96729-8b36-4f90-88b2-f0be3faaa5c0",
              "parentUUID": "159a9323-d1d7-484b-bcd2-2fc3b66516ba",
              "isHook": false,
              "skipped": false
            },
            {
              "title": "30 .Visits page /products/grey-brief-panties",
              "fullTitle": "Check prices are hidden 30 .Visits page /products/grey-brief-panties",
              "timedOut": null,
              "duration": 3460,
              "state": "passed",
              "speed": "fast",
              "pass": true,
              "fail": false,
              "pending": false,
              "context": null,
              "code": "cy.visit(pdps[i]); // getIframeBody().find('#closeIconContainer').should('have.class', 'css-upw05v').click();\n// console.log(JSON.stringify(pdps))\n// cy.scrollTo(0,1200)\n// cy.wait(1000)",
              "err": {},
              "uuid": "b5a68ef1-5481-42af-b113-8fb8300ea7b8",
              "parentUUID": "159a9323-d1d7-484b-bcd2-2fc3b66516ba",
              "isHook": false,
              "skipped": false
            },
            {
              "title": "After checking the element addToCartToggleButton.sub subscription button should be visible",
              "fullTitle": "Check prices are hidden After checking the element addToCartToggleButton.sub subscription button should be visible",
              "timedOut": null,
              "duration": 1221,
              "state": "passed",
              "speed": "fast",
              "pass": true,
              "fail": false,
              "pending": false,
              "context": null,
              "code": "cy.get('.addToCartToggler li.addToCartToggleButton.sub').then(el => {\n  console.log(el);\n  cy.wait(1000);\n  cy.get(el).click();\n  cy.get('#AddBoxToCart').should('be.visible');\n});",
              "err": {},
              "uuid": "9c6dd815-02a8-445f-bbe9-6a09791e21ad",
              "parentUUID": "159a9323-d1d7-484b-bcd2-2fc3b66516ba",
              "isHook": false,
              "skipped": false
            },
            {
              "title": "31 .Visits page /products/grey-bikini-panties",
              "fullTitle": "Check prices are hidden 31 .Visits page /products/grey-bikini-panties",
              "timedOut": null,
              "duration": 2248,
              "state": "passed",
              "speed": "fast",
              "pass": true,
              "fail": false,
              "pending": false,
              "context": null,
              "code": "cy.visit(pdps[i]); // getIframeBody().find('#closeIconContainer').should('have.class', 'css-upw05v').click();\n// console.log(JSON.stringify(pdps))\n// cy.scrollTo(0,1200)\n// cy.wait(1000)",
              "err": {},
              "uuid": "90cac1da-4101-4085-b8d2-77633d296269",
              "parentUUID": "159a9323-d1d7-484b-bcd2-2fc3b66516ba",
              "isHook": false,
              "skipped": false
            },
            {
              "title": "After checking the element addToCartToggleButton.sub subscription button should be visible",
              "fullTitle": "Check prices are hidden After checking the element addToCartToggleButton.sub subscription button should be visible",
              "timedOut": null,
              "duration": 1212,
              "state": "passed",
              "speed": "fast",
              "pass": true,
              "fail": false,
              "pending": false,
              "context": null,
              "code": "cy.get('.addToCartToggler li.addToCartToggleButton.sub').then(el => {\n  console.log(el);\n  cy.wait(1000);\n  cy.get(el).click();\n  cy.get('#AddBoxToCart').should('be.visible');\n});",
              "err": {},
              "uuid": "9931ce75-7a9e-4d5d-8a43-243eab9f30e5",
              "parentUUID": "159a9323-d1d7-484b-bcd2-2fc3b66516ba",
              "isHook": false,
              "skipped": false
            },
            {
              "title": "32 .Visits page /products/grey-cheeky-panties",
              "fullTitle": "Check prices are hidden 32 .Visits page /products/grey-cheeky-panties",
              "timedOut": null,
              "duration": 3404,
              "state": "passed",
              "speed": "fast",
              "pass": true,
              "fail": false,
              "pending": false,
              "context": null,
              "code": "cy.visit(pdps[i]); // getIframeBody().find('#closeIconContainer').should('have.class', 'css-upw05v').click();\n// console.log(JSON.stringify(pdps))\n// cy.scrollTo(0,1200)\n// cy.wait(1000)",
              "err": {},
              "uuid": "ada9d62e-9bd7-4ebc-b98b-dae271687f26",
              "parentUUID": "159a9323-d1d7-484b-bcd2-2fc3b66516ba",
              "isHook": false,
              "skipped": false
            },
            {
              "title": "After checking the element addToCartToggleButton.sub subscription button should be visible",
              "fullTitle": "Check prices are hidden After checking the element addToCartToggleButton.sub subscription button should be visible",
              "timedOut": null,
              "duration": 1217,
              "state": "passed",
              "speed": "fast",
              "pass": true,
              "fail": false,
              "pending": false,
              "context": null,
              "code": "cy.get('.addToCartToggler li.addToCartToggleButton.sub').then(el => {\n  console.log(el);\n  cy.wait(1000);\n  cy.get(el).click();\n  cy.get('#AddBoxToCart').should('be.visible');\n});",
              "err": {},
              "uuid": "6e208f70-cfb1-4368-8923-a2dc51f4df81",
              "parentUUID": "159a9323-d1d7-484b-bcd2-2fc3b66516ba",
              "isHook": false,
              "skipped": false
            },
            {
              "title": "33 .Visits page /products/grey-high-waisted-panties",
              "fullTitle": "Check prices are hidden 33 .Visits page /products/grey-high-waisted-panties",
              "timedOut": null,
              "duration": 2331,
              "state": "passed",
              "speed": "fast",
              "pass": true,
              "fail": false,
              "pending": false,
              "context": null,
              "code": "cy.visit(pdps[i]); // getIframeBody().find('#closeIconContainer').should('have.class', 'css-upw05v').click();\n// console.log(JSON.stringify(pdps))\n// cy.scrollTo(0,1200)\n// cy.wait(1000)",
              "err": {},
              "uuid": "d9732112-a0c7-4eb4-b1c8-02d2642e0624",
              "parentUUID": "159a9323-d1d7-484b-bcd2-2fc3b66516ba",
              "isHook": false,
              "skipped": false
            },
            {
              "title": "After checking the element addToCartToggleButton.sub subscription button should be visible",
              "fullTitle": "Check prices are hidden After checking the element addToCartToggleButton.sub subscription button should be visible",
              "timedOut": null,
              "duration": 5424,
              "state": "failed",
              "speed": null,
              "pass": false,
              "fail": true,
              "pending": false,
              "context": null,
              "code": "cy.get('.addToCartToggler li.addToCartToggleButton.sub').then(el => {\n  console.log(el);\n  cy.wait(1000);\n  cy.get(el).click();\n  cy.get('#AddBoxToCart').should('be.visible');\n});",
              "err": {
                "message": "AssertionError: Timed out retrying after 4000ms: Expected to find element: `#AddBoxToCart`, but never found it.",
                "estack": "AssertionError: Timed out retrying after 4000ms: Expected to find element: `#AddBoxToCart`, but never found it.\n    at Context.eval (webpack:///./cypress/e2e/pdp-subscribe-bttn.cy.js:156:21)",
                "diff": null
              },
              "uuid": "c7b988e9-7573-494c-b95c-071d3bb35a3e",
              "parentUUID": "159a9323-d1d7-484b-bcd2-2fc3b66516ba",
              "isHook": false,
              "skipped": false
            },
            {
              "title": "34 .Visits page /products/grey-thong-panties",
              "fullTitle": "Check prices are hidden 34 .Visits page /products/grey-thong-panties",
              "timedOut": null,
              "duration": 3390,
              "state": "passed",
              "speed": "fast",
              "pass": true,
              "fail": false,
              "pending": false,
              "context": null,
              "code": "cy.visit(pdps[i]); // getIframeBody().find('#closeIconContainer').should('have.class', 'css-upw05v').click();\n// console.log(JSON.stringify(pdps))\n// cy.scrollTo(0,1200)\n// cy.wait(1000)",
              "err": {},
              "uuid": "8eee26c4-b00c-4c09-b6a5-ebc4829c9df5",
              "parentUUID": "159a9323-d1d7-484b-bcd2-2fc3b66516ba",
              "isHook": false,
              "skipped": false
            },
            {
              "title": "After checking the element addToCartToggleButton.sub subscription button should be visible",
              "fullTitle": "Check prices are hidden After checking the element addToCartToggleButton.sub subscription button should be visible",
              "timedOut": null,
              "duration": 1218,
              "state": "passed",
              "speed": "fast",
              "pass": true,
              "fail": false,
              "pending": false,
              "context": null,
              "code": "cy.get('.addToCartToggler li.addToCartToggleButton.sub').then(el => {\n  console.log(el);\n  cy.wait(1000);\n  cy.get(el).click();\n  cy.get('#AddBoxToCart').should('be.visible');\n});",
              "err": {},
              "uuid": "c8ec00a9-3fc8-4c2e-8d25-2a348c404858",
              "parentUUID": "159a9323-d1d7-484b-bcd2-2fc3b66516ba",
              "isHook": false,
              "skipped": false
            },
            {
              "title": "35 .Visits page /products/raindrop-thong-panties",
              "fullTitle": "Check prices are hidden 35 .Visits page /products/raindrop-thong-panties",
              "timedOut": null,
              "duration": 3666,
              "state": "passed",
              "speed": "fast",
              "pass": true,
              "fail": false,
              "pending": false,
              "context": null,
              "code": "cy.visit(pdps[i]); // getIframeBody().find('#closeIconContainer').should('have.class', 'css-upw05v').click();\n// console.log(JSON.stringify(pdps))\n// cy.scrollTo(0,1200)\n// cy.wait(1000)",
              "err": {},
              "uuid": "b3ef2cbc-4f6b-4e58-9650-7adeaa95fb15",
              "parentUUID": "159a9323-d1d7-484b-bcd2-2fc3b66516ba",
              "isHook": false,
              "skipped": false
            },
            {
              "title": "After checking the element addToCartToggleButton.sub subscription button should be visible",
              "fullTitle": "Check prices are hidden After checking the element addToCartToggleButton.sub subscription button should be visible",
              "timedOut": null,
              "duration": 1218,
              "state": "passed",
              "speed": "fast",
              "pass": true,
              "fail": false,
              "pending": false,
              "context": null,
              "code": "cy.get('.addToCartToggler li.addToCartToggleButton.sub').then(el => {\n  console.log(el);\n  cy.wait(1000);\n  cy.get(el).click();\n  cy.get('#AddBoxToCart').should('be.visible');\n});",
              "err": {},
              "uuid": "caa95569-9897-480a-a604-1f7aaf6a87c6",
              "parentUUID": "159a9323-d1d7-484b-bcd2-2fc3b66516ba",
              "isHook": false,
              "skipped": false
            },
            {
              "title": "36 .Visits page /products/nude-high-waisted-panties",
              "fullTitle": "Check prices are hidden 36 .Visits page /products/nude-high-waisted-panties",
              "timedOut": null,
              "duration": 2104,
              "state": "passed",
              "speed": "fast",
              "pass": true,
              "fail": false,
              "pending": false,
              "context": null,
              "code": "cy.visit(pdps[i]); // getIframeBody().find('#closeIconContainer').should('have.class', 'css-upw05v').click();\n// console.log(JSON.stringify(pdps))\n// cy.scrollTo(0,1200)\n// cy.wait(1000)",
              "err": {},
              "uuid": "0ecda353-75e6-46ce-82f7-d2e7aed081e1",
              "parentUUID": "159a9323-d1d7-484b-bcd2-2fc3b66516ba",
              "isHook": false,
              "skipped": false
            },
            {
              "title": "After checking the element addToCartToggleButton.sub subscription button should be visible",
              "fullTitle": "Check prices are hidden After checking the element addToCartToggleButton.sub subscription button should be visible",
              "timedOut": null,
              "duration": 1209,
              "state": "passed",
              "speed": "fast",
              "pass": true,
              "fail": false,
              "pending": false,
              "context": null,
              "code": "cy.get('.addToCartToggler li.addToCartToggleButton.sub').then(el => {\n  console.log(el);\n  cy.wait(1000);\n  cy.get(el).click();\n  cy.get('#AddBoxToCart').should('be.visible');\n});",
              "err": {},
              "uuid": "1e816bec-f1fc-46e0-aa8b-7c18f42f3b02",
              "parentUUID": "159a9323-d1d7-484b-bcd2-2fc3b66516ba",
              "isHook": false,
              "skipped": false
            },
            {
              "title": "37 .Visits page /products/ocean-depths-highwaisted",
              "fullTitle": "Check prices are hidden 37 .Visits page /products/ocean-depths-highwaisted",
              "timedOut": null,
              "duration": 3673,
              "state": "passed",
              "speed": "fast",
              "pass": true,
              "fail": false,
              "pending": false,
              "context": null,
              "code": "cy.visit(pdps[i]); // getIframeBody().find('#closeIconContainer').should('have.class', 'css-upw05v').click();\n// console.log(JSON.stringify(pdps))\n// cy.scrollTo(0,1200)\n// cy.wait(1000)",
              "err": {},
              "uuid": "bec5372c-c57f-4b7a-a22f-962d76ab28ee",
              "parentUUID": "159a9323-d1d7-484b-bcd2-2fc3b66516ba",
              "isHook": false,
              "skipped": false
            },
            {
              "title": "After checking the element addToCartToggleButton.sub subscription button should be visible",
              "fullTitle": "Check prices are hidden After checking the element addToCartToggleButton.sub subscription button should be visible",
              "timedOut": null,
              "duration": 5398,
              "state": "failed",
              "speed": null,
              "pass": false,
              "fail": true,
              "pending": false,
              "context": null,
              "code": "cy.get('.addToCartToggler li.addToCartToggleButton.sub').then(el => {\n  console.log(el);\n  cy.wait(1000);\n  cy.get(el).click();\n  cy.get('#AddBoxToCart').should('be.visible');\n});",
              "err": {
[...]
              "fullTitle": "Check prices are hidden After checking the element addToCartToggleButton.sub subscription button should be visible",
              "timedOut": null,
              "duration": 5396,
              "state": "failed",
              "speed": null,
              "pass": false,
              "fail": true,
              "pending": false,
              "context": null,
              "code": "cy.get('.addToCartToggler li.addToCartToggleButton.sub').then(el => {\n  console.log(el);\n  cy.wait(1000);\n  cy.get(el).click();\n  cy.get('#AddBoxToCart').should('be.visible');\n});",
              "err": {
                "message": "AssertionError: Timed out retrying after 4000ms: Expected to find element: `#AddBoxToCart`, but never found it.",
                "estack": "AssertionError: Timed out retrying after 4000ms: Expected to find element: `#AddBoxToCart`, but never found it.\n    at Context.eval (webpack:///./cypress/e2e/pdp-subscribe-bttn.cy.js:156:21)",
                "diff": null
              },
              "uuid": "f1499dc0-69f8-4d06-ac57-ec8c90c5d6c6",
              "parentUUID": "159a9323-d1d7-484b-bcd2-2fc3b66516ba",
              "isHook": false,
              "skipped": false
            },
            {
              "title": "47 .Visits page /products/fallen-rock-brief-panties",
              "fullTitle": "Check prices are hidden 47 .Visits page /products/fallen-rock-brief-panties",
              "timedOut": null,
              "duration": 3624,
              "state": "passed",
              "speed": "fast",
              "pass": true,
              "fail": false,
              "pending": false,
              "context": null,
              "code": "cy.visit(pdps[i]); // getIframeBody().find('#closeIconContainer').should('have.class', 'css-upw05v').click();\n// console.log(JSON.stringify(pdps))\n// cy.scrollTo(0,1200)\n// cy.wait(1000)",
              "err": {},
              "uuid": "295c1795-941f-409c-870d-e3d0b6c9e574",
              "parentUUID": "159a9323-d1d7-484b-bcd2-2fc3b66516ba",
              "isHook": false,
              "skipped": false
            },
            {
              "title": "After checking the element addToCartToggleButton.sub subscription button should be visible",
              "fullTitle": "Check prices are hidden After checking the element addToCartToggleButton.sub subscription button should be visible",
              "timedOut": null,
              "duration": 1221,
              "state": "passed",
              "speed": "fast",
              "pass": true,
              "fail": false,
              "pending": false,
              "context": null,
              "code": "cy.get('.addToCartToggler li.addToCartToggleButton.sub').then(el => {\n  console.log(el);\n  cy.wait(1000);\n  cy.get(el).click();\n  cy.get('#AddBoxToCart').should('be.visible');\n});",
              "err": {},
              "uuid": "f41d9649-9ab2-47b9-a74c-dfbc64156991",
              "parentUUID": "159a9323-d1d7-484b-bcd2-2fc3b66516ba",
              "isHook": false,
              "skipped": false
            },
            {
              "title": "48 .Visits page /products/fallen-rock-cheeky",
              "fullTitle": "Check prices are hidden 48 .Visits page /products/fallen-rock-cheeky",
              "timedOut": null,
              "duration": 2553,
              "state": "passed",
              "speed": "fast",
              "pass": true,
              "fail": false,
              "pending": false,
              "context": null,
              "code": "cy.visit(pdps[i]); // getIframeBody().find('#closeIconContainer').should('have.class', 'css-upw05v').click();\n// console.log(JSON.stringify(pdps))\n// cy.scrollTo(0,1200)\n// cy.wait(1000)",
              "err": {},
              "uuid": "e348bd80-076f-4730-b5e1-f4814f6761cb",
              "parentUUID": "159a9323-d1d7-484b-bcd2-2fc3b66516ba",
              "isHook": false,
              "skipped": false
            },
            {
              "title": "After checking the element addToCartToggleButton.sub subscription button should be visible",
              "fullTitle": "Check prices are hidden After checking the element addToCartToggleButton.sub subscription button should be visible",
              "timedOut": null,
              "duration": 1218,
              "state": "passed",
              "speed": "fast",
              "pass": true,
              "fail": false,
              "pending": false,
              "context": null,
              "code": "cy.get('.addToCartToggler li.addToCartToggleButton.sub').then(el => {\n  console.log(el);\n  cy.wait(1000);\n  cy.get(el).click();\n  cy.get('#AddBoxToCart').should('be.visible');\n});",
              "err": {},
              "uuid": "dad83df7-d93f-4bf1-901d-74a81912de95",
              "parentUUID": "159a9323-d1d7-484b-bcd2-2fc3b66516ba",
              "isHook": false,
              "skipped": false
            },
            {
              "title": "49 .Visits page /products/fallen-rock-thong",
              "fullTitle": "Check prices are hidden 49 .Visits page /products/fallen-rock-thong",
              "timedOut": null,
              "duration": 2209,
              "state": "passed",
              "speed": "fast",
              "pass": true,
              "fail": false,
              "pending": false,
              "context": null,
              "code": "cy.visit(pdps[i]); // getIframeBody().find('#closeIconContainer').should('have.class', 'css-upw05v').click();\n// console.log(JSON.stringify(pdps))\n// cy.scrollTo(0,1200)\n// cy.wait(1000)",
              "err": {},
              "uuid": "da7523e9-069e-482f-abb4-8b69b6593648",
              "parentUUID": "159a9323-d1d7-484b-bcd2-2fc3b66516ba",
              "isHook": false,
              "skipped": false
            },
            {
              "title": "After checking the element addToCartToggleButton.sub subscription button should be visible",
              "fullTitle": "Check prices are hidden After checking the element addToCartToggleButton.sub subscription button should be visible",
              "timedOut": null,
              "duration": 1206,
              "state": "passed",
              "speed": "fast",
              "pass": true,
              "fail": false,
              "pending": false,
              "context": null,
              "code": "cy.get('.addToCartToggler li.addToCartToggleButton.sub').then(el => {\n  console.log(el);\n  cy.wait(1000);\n  cy.get(el).click();\n  cy.get('#AddBoxToCart').should('be.visible');\n});",
              "err": {},
              "uuid": "c2db7456-7227-4571-897c-b69f6d56589a",
              "parentUUID": "159a9323-d1d7-484b-bcd2-2fc3b66516ba",
              "isHook": false,
              "skipped": false
            },
            {
              "title": "50 .Visits page /products/exotic-botanical-bikini-panties",
              "fullTitle": "Check prices are hidden 50 .Visits page /products/exotic-botanical-bikini-panties",
              "timedOut": null,
              "duration": 2151,
              "state": "passed",
              "speed": "fast",
              "pass": true,
              "fail": false,
              "pending": false,
              "context": null,
              "code": "cy.visit(pdps[i]); // getIframeBody().find('#closeIconContainer').should('have.class', 'css-upw05v').click();\n// console.log(JSON.stringify(pdps))\n// cy.scrollTo(0,1200)\n// cy.wait(1000)",
              "err": {},
              "uuid": "c1bebffc-92a0-4a22-b3d4-8794382bab62",
              "parentUUID": "159a9323-d1d7-484b-bcd2-2fc3b66516ba",
              "isHook": false,
              "skipped": false
            },
            {
              "title": "After checking the element addToCartToggleButton.sub subscription button should be visible",
              "fullTitle": "Check prices are hidden After checking the element addToCartToggleButton.sub subscription button should be visible",
              "timedOut": null,
              "duration": 5428,
              "state": "failed",
              "speed": null,
              "pass": false,
              "fail": true,
              "pending": false,
              "context": null,
              "code": "cy.get('.addToCartToggler li.addToCartToggleButton.sub').then(el => {\n  console.log(el);\n  cy.wait(1000);\n  cy.get(el).click();\n  cy.get('#AddBoxToCart').should('be.visible');\n});",
              "err": {
                "message": "AssertionError: Timed out retrying after 4000ms: Expected to find element: `#AddBoxToCart`, but never found it.",
                "estack": "AssertionError: Timed out retrying after 4000ms: Expected to find element: `#AddBoxToCart`, but never found it.\n    at Context.eval (webpack:///./cypress/e2e/pdp-subscribe-bttn.cy.js:156:21)",
                "diff": null
              },
              "uuid": "af1e78a8-de6a-4397-b087-7212d61b2685",
              "parentUUID": "159a9323-d1d7-484b-bcd2-2fc3b66516ba",
              "isHook": false,
              "skipped": false
            },
            {
              "title": "51 .Visits page /products/exotic-botanical-thong",
              "fullTitle": "Check prices are hidden 51 .Visits page /products/exotic-botanical-thong",
              "timedOut": null,
              "duration": 3518,
              "state": "passed",
              "speed": "fast",
              "pass": true,
              "fail": false,
              "pending": false,
              "context": null,
              "code": "cy.visit(pdps[i]); // getIframeBody().find('#closeIconContainer').should('have.class', 'css-upw05v').click();\n// console.log(JSON.stringify(pdps))\n// cy.scrollTo(0,1200)\n// cy.wait(1000)",
              "err": {},
              "uuid": "3358f9b6-0742-4f9c-9a56-2bba4c52a1ca",
              "parentUUID": "159a9323-d1d7-484b-bcd2-2fc3b66516ba",
              "isHook": false,
              "skipped": false
            },
            {
              "title": "After checking the element addToCartToggleButton.sub subscription button should be visible",
              "fullTitle": "Check prices are hidden After checking the element addToCartToggleButton.sub subscription button should be visible",
              "timedOut": null,
              "duration": 5467,
              "state": "failed",
              "speed": null,
              "pass": false,
              "fail": true,
              "pending": false,
              "context": null,
              "code": "cy.get('.addToCartToggler li.addToCartToggleButton.sub').then(el => {\n  console.log(el);\n  cy.wait(1000);\n  cy.get(el).click();\n  cy.get('#AddBoxToCart').should('be.visible');\n});",
              "err": {
                "message": "AssertionError: Timed out retrying after 4000ms: Expected to find element: `#AddBoxToCart`, but never found it.",
                "estack": "AssertionError: Timed out retrying after 4000ms: Expected to find element: `#AddBoxToCart`, but never found it.\n    at Context.eval (webpack:///./cypress/e2e/pdp-subscribe-bttn.cy.js:156:21)",
                "diff": null
              },
              "uuid": "770def91-fa83-479e-88ad-e328195b2d44",
              "parentUUID": "159a9323-d1d7-484b-bcd2-2fc3b66516ba",
              "isHook": false,
              "skipped": false
            },
            {
              "title": "52 .Visits page /products/castle-wall-highwaisted",
              "fullTitle": "Check prices are hidden 52 .Visits page /products/castle-wall-highwaisted",
              "timedOut": null,
              "duration": 3645,
              "state": "passed",
              "speed": "fast",
              "pass": true,
              "fail": false,
              "pending": false,
              "context": null,
              "code": "cy.visit(pdps[i]); // getIframeBody().find('#closeIconContainer').should('have.class', 'css-upw05v').click();\n// console.log(JSON.stringify(pdps))\n// cy.scrollTo(0,1200)\n// cy.wait(1000)",
              "err": {},
              "uuid": "1c617a67-fbd1-4a65-b80f-1e11c0bc3cc7",
              "parentUUID": "159a9323-d1d7-484b-bcd2-2fc3b66516ba",
              "isHook": false,
              "skipped": false
            },
            {
              "title": "After checking the element addToCartToggleButton.sub subscription button should be visible",
              "fullTitle": "Check prices are hidden After checking the element addToCartToggleButton.sub subscription button should be visible",
              "timedOut": null,
              "duration": 5462,
              "state": "failed",
              "speed": null,
              "pass": false,
              "fail": true,
              "pending": false,
              "context": null,
              "code": "cy.get('.addToCartToggler li.addToCartToggleButton.sub').then(el => {\n  console.log(el);\n  cy.wait(1000);\n  cy.get(el).click();\n  cy.get('#AddBoxToCart').should('be.visible');\n});",
              "err": {
                "message": "AssertionError: Timed out retrying after 4000ms: Expected to find element: `#AddBoxToCart`, but never found it.",
                "estack": "AssertionError: Timed out retrying after 4000ms: Expected to find element: `#AddBoxToCart`, but never found it.\n    at Context.eval (webpack:///./cypress/e2e/pdp-subscribe-bttn.cy.js:156:21)",
                "diff": null
              },
              "uuid": "108ea626-58d9-4c4c-a0fe-1892a0f3382d",
              "parentUUID": "159a9323-d1d7-484b-bcd2-2fc3b66516ba",
              "isHook": false,
              "skipped": false
            }
          ],
          "suites": [],
          "passes": [
            "690d027b-e808-4c2f-a578-b8987f1a19f0",
            "39e38134-4d69-40a8-9ac4-4a0f0b81f17e",
            "a18cd541-f7c4-44f5-b244-c196b08a283a",
            "5e5bbf33-4fa9-4110-9e50-ace09be207b0",
            "3abcc890-c048-42f0-9d91-415689de5573",
            "3d7e0b47-3646-4b28-b578-6a06c4244b51",
            "d5348a22-d8e3-4e71-a9d8-47dbd1bda3e5",
            "3e5f5672-c24d-4e15-96f0-dda86f597dd9",
            "4872f9a8-4bd8-41a4-ad83-dcd7932636a5",
            "42996826-3f0e-4955-9a85-796a2135f053",
            "c789f6a1-cff6-4910-b6c8-796ae03a8ba4",
            "2829efcf-114f-4adf-aca4-4b88e28afe2a",
            "7dff2c6a-21e6-4576-945e-e75f683edf35",
            "02b7c510-bf43-4231-a43f-fef1dfa3f20d",
            "8aca2185-283b-4b49-89d9-e00eb74ccd36",
            "66118a21-65a6-4529-9836-1dcf41d4afcf",
            "0d405274-6c60-477a-a14a-f5255446db9b",
            "874a33f6-80b7-41c0-8a06-4ded3f9b131f",
            "b2891c2d-209d-407e-b76b-dba2f73e9216",
            "372eeb7c-99fe-40d0-8e42-ee55bb412fc9",
            "f20a80a4-9a00-4368-802c-3624ae461971",
            "f0a36daf-c606-45b8-ad53-1ab1f0d46836",
            "da1ada1b-459f-40cf-9ffd-1ca166ad199d",
            "b8571bf0-e7a5-4914-a62f-6328a83abcb6",
            "8d17657a-2aa4-4526-87ca-1eaf85559464",
            "4e2b5e52-5a0c-4ee1-9775-47ed7052e766",
            "1fe5f741-db29-49b2-bb91-97b6209b6d80",
            "4b33560c-ff4b-4a1f-b116-899d1a18185d",
            "a8160b92-a9ec-49d4-9b40-a92890a8bb3b",
            "33d76310-7c7c-4270-9939-1dcc25614223",
            "dc1fcda7-ad84-4492-86aa-5aefa7d90b27",
            "2b803c3a-f229-46b8-bbb2-da5b105e32d4",
            "115bac66-ca41-477f-83de-c3d000dce6d2",
            "4fd3b117-efdf-4c71-a8f3-1e425712be16",
            "0b8046ff-1b75-40f7-9a0a-1ad6032f3903",
            "2f32e526-8eb2-4d06-87da-10113e4bff27",
            "36b590e6-3c9a-470b-9ba5-e59b8fbdc830",
            "681f10ce-7c8e-4deb-a347-363cb3ccb5bd",
            "bd94796c-f931-4fb7-9740-5e55dfad2d7f",
            "bf575ee8-fe24-4b33-8b89-d9cf43a2f6ab",
            "f21ac7fd-fec2-467f-b9b3-325f144fac2d",
            "11effb56-bd74-4f33-beef-887dbd88a3a2",
            "bbc89842-2f0e-474e-892d-e5a65f329da7",
            "4e6bd720-8647-4bd5-9dbd-e5d254bf81e4",
            "724ac44e-a096-49dc-90d5-84de18c8ea5c",
            "8976c35c-e06f-427d-803e-5eed29dbba0a",
            "78b96729-8b36-4f90-88b2-f0be3faaa5c0",
            "b5a68ef1-5481-42af-b113-8fb8300ea7b8",
            "9c6dd815-02a8-445f-bbe9-6a09791e21ad",
            "90cac1da-4101-4085-b8d2-77633d296269",
            "9931ce75-7a9e-4d5d-8a43-243eab9f30e5",
            "ada9d62e-9bd7-4ebc-b98b-dae271687f26",
            "6e208f70-cfb1-4368-8923-a2dc51f4df81",
            "d9732112-a0c7-4eb4-b1c8-02d2642e0624",
            "8eee26c4-b00c-4c09-b6a5-ebc4829c9df5",
            "c8ec00a9-3fc8-4c2e-8d25-2a348c404858",
            "b3ef2cbc-4f6b-4e58-9650-7adeaa95fb15",
            "caa95569-9897-480a-a604-1f7aaf6a87c6",
            "0ecda353-75e6-46ce-82f7-d2e7aed081e1",
            "1e816bec-f1fc-46e0-aa8b-7c18f42f3b02",
            "bec5372c-c57f-4b7a-a22f-962d76ab28ee",
            "8d85efc3-6fa9-429d-9143-c2a2190c7b31",
            "db82f95f-a598-43c6-a64e-f97387d387f1",
            "c4558f7c-37b9-4bb3-9492-624225c4a9c2",
            "bf7c96d5-722e-4091-b822-0bad5f626004",
            "53c28b22-7c69-43f9-8a50-7258a35d73c8",
            "fc5d1cd7-7e33-4743-9c88-d484d1d623a8",
            "5b1ad29b-546a-4352-a00f-36d07b52f88c",
            "aacee64b-66d2-4dab-af9d-50d1c7e612d2",
            "8c2603ee-8f7a-45a2-9d55-d86ffa87c953",
            "6d1a90ec-96b9-41ce-bfaa-c84dc880ed50",
            "19557661-a20a-4ca2-80d8-961b8196ce49",
            "e2f15ef9-0eb3-4da5-9e5a-5a8f66db486b",
            "295c1795-941f-409c-870d-e3d0b6c9e574",
            "f41d9649-9ab2-47b9-a74c-dfbc64156991",
            "e348bd80-076f-4730-b5e1-f4814f6761cb",
            "dad83df7-d93f-4bf1-901d-74a81912de95",
            "da7523e9-069e-482f-abb4-8b69b6593648",
            "c2db7456-7227-4571-897c-b69f6d56589a",
            "c1bebffc-92a0-4a22-b3d4-8794382bab62",
            "3358f9b6-0742-4f9c-9a56-2bba4c52a1ca",
            "1c617a67-fbd1-4a65-b80f-1e11c0bc3cc7"
          ],
          "failures": [
            "aae433a9-86aa-41b4-9a94-46903e477e99",
            "39c9d82f-6ffa-4480-8276-b45aabc9c667",
            "2cd811bb-d874-453c-9a95-3cafce85104e",
            "5ba5cea2-155e-47b2-bc9f-ba6f3f7d9a50",
            "9b51eda5-5840-4757-a0c5-6fb4c91071d0",
            "84c17863-b132-489f-83ea-adf69456f431",
            "d391a15e-a2e9-4abc-bbbe-76d2f199bedd",
            "22fcfa8c-9c30-4a7e-b656-61a09dea959c",
            "80bad1a8-8496-4339-a218-0e7dd1c7ef48",
            "939804f3-f465-4fcd-afe0-ee7b3962d4a5",
            "31685fac-46eb-483c-8f43-13a030825d7d",
            "eca0796a-8926-4763-b18d-ec88c2e343f2",
            "e93c80a5-da5f-45d6-9c83-0e51d15a677f",
            "c7b988e9-7573-494c-b95c-071d3bb35a3e",
            "1fe801f1-049c-4fa5-ab30-6a0f4904d267",
            "ddcd67d2-dd3c-45fe-a31d-400270747919",
            "2e0dd5b0-0c1f-47e9-85d1-0ce9f27ad119",
            "8296fccf-00b5-4984-9a83-f089bf34126e",
            "a13b2eb9-24b3-477f-b63f-433d8d6c5ff8",
            "91511123-652c-4508-9bb8-3f3c83e0b0c3",
            "f1499dc0-69f8-4d06-ac57-ec8c90c5d6c6",
            "af1e78a8-de6a-4397-b087-7212d61b2685",
            "770def91-fa83-479e-88ad-e328195b2d44",
            "108ea626-58d9-4c4c-a0fe-1892a0f3382d"
          ],
          "pending": [],
          "skipped": [],
          "duration": 358161,
          "root": false,
          "rootEmpty": false,
          "_timeout": 2000
        }
      ],
      "passes": [],
      "failures": [],
      "pending": [],
      "skipped": [],
      "duration": 0,
      "root": true,
      "rootEmpty": true,
      "_timeout": 2000
    }
  ],
  "meta": {
    "mocha": {
      "version": "7.0.1"
    },
    "mochawesome": {
      "options": {
        "quiet": false,
        "reportFilename": "mochawesome",
        "saveHtml": true,
        "saveJson": true,
        "consoleReporter": "spec",
        "useInlineDiffs": false,
        "code": true
      },
      "version": "7.1.3"
    },
    "marge": {
      "options": null,
      "version": "6.2.0"
    }
  }
}